Abaqus JOB stena-4IU
Abaqus 6.12-2
Abaqus License Manager checked out the following licenses:
Abaqus/Standard checked out 5 tokens.
<1019 out of 1024 licenses remain available>.
Begin Compiling Abaqus/Standard User Subroutines
4/16/2025 12:46:28 PM
End Compiling Abaqus/Standard User Subroutines
4/16/2025 12:46:28 PM
Begin Linking Abaqus/Standard User Subroutines
4/16/2025 12:46:28 PM
   Creating library standardU.lib and object standardU.exp
End Linking Abaqus/Standard User Subroutines
4/16/2025 12:46:29 PM
Begin Analysis Input File Processor
4/16/2025 12:46:29 PM
Run pre.exe
4/16/2025 12:46:32 PM
End Analysis Input File Processor
Begin Abaqus/Standard Analysis
4/16/2025 12:46:32 PM
Run standard.exe
PHANTOM;   1;       5; 1;    0.456538429018426E+00;    0.456538429018426E+00;    0.100000000000000E+01;    0.000000000000000E+00;    0.000000000000000E+00;    0.100000000000000E+01;    0.100000000000000E+01
PHANTOM;   1;       5; 2;    0.122329103369259E+00;    0.411004237964074E+00;    0.100000000000000E+01;    0.000000000000000E+00;    0.000000000000000E+00;    0.100000000000000E+01;    0.100000000000000E+01
PHANTOM;   1;       5; 3;    0.411004237964074E+00;    0.122329103369259E+00;    0.100000000000000E+01;    0.000000000000000E+00;    0.000000000000000E+00;    0.100000000000000E+01;    0.100000000000000E+01
PHANTOM;   1;       5; 4;    0.110128253648241E+00;    0.110128253648241E+00;    0.100000000000000E+01;    0.000000000000000E+00;    0.000000000000000E+00;    0.100000000000000E+01;    0.100000000000000E+01
PHANTOM;   1;       6; 1;    0.456538429018426E+00;    0.667863294423611E+00;    0.100000000000000E+01;    0.000000000000000E+00;    0.000000000000000E+00;    0.100000000000000E+01;    0.100000000000000E+01
PHANTOM;   1;       6; 2;    0.411004237964074E+00;    0.911004237964074E+00;    0.100000000000000E+01;    0.000000000000000E+00;    0.000000000000000E+00;    0.100000000000000E+01;    0.100000000000000E+01
PHANTOM;   1;       6; 3;    0.122329103369259E+00;    0.622329103369259E+00;    0.100000000000000E+01;    0.000000000000000E+00;    0.000000000000000E+00;    0.100000000000000E+01;    0.100000000000000E+01
PHANTOM;   1;       6; 4;    0.110128253648241E+00;    0.898803388243056E+00;    0.100000000000000E+01;    0.000000000000000E+00;    0.000000000000000E+00;    0.100000000000000E+01;    0.100000000000000E+01
PHANTOM;   1;       7; 1;    0.911004237964074E+00;    0.411004237964074E+00;    0.100000000000000E+01;    0.000000000000000E+00;    0.000000000000000E+00;    0.100000000000000E+01;    0.100000000000000E+01
PHANTOM;   1;       7; 2;    0.667863294423611E+00;    0.456538429018426E+00;    0.100000000000000E+01;    0.000000000000000E+00;    0.000000000000000E+00;    0.100000000000000E+01;    0.100000000000000E+01
PHANTOM;   1;       7; 3;    0.898803388243056E+00;    0.110128253648241E+00;    0.100000000000000E+01;    0.000000000000000E+00;    0.000000000000000E+00;    0.100000000000000E+01;    0.100000000000000E+01
PHANTOM;   1;       7; 4;    0.622329103369259E+00;    0.122329103369259E+00;    0.100000000000000E+01;    0.000000000000000E+00;    0.000000000000000E+00;    0.100000000000000E+01;    0.100000000000000E+01
PHANTOM;   1;       8; 1;    0.667863294423611E+00;    0.667863294423611E+00;    0.100000000000000E+01;    0.000000000000000E+00;    0.000000000000000E+00;    0.100000000000000E+01;    0.100000000000000E+01
PHANTOM;   1;       8; 2;    0.911004237964074E+00;    0.622329103369259E+00;    0.100000000000000E+01;    0.000000000000000E+00;    0.000000000000000E+00;    0.100000000000000E+01;    0.100000000000000E+01
PHANTOM;   1;       8; 3;    0.622329103369259E+00;    0.911004237964074E+00;    0.100000000000000E+01;    0.000000000000000E+00;    0.000000000000000E+00;    0.100000000000000E+01;    0.100000000000000E+01
PHANTOM;   1;       8; 4;    0.898803388243056E+00;    0.898803388243056E+00;    0.100000000000000E+01;    0.000000000000000E+00;    0.000000000000000E+00;    0.100000000000000E+01;    0.100000000000000E+01
PHANTOM;   0;       5; 1;    0.456538429018426E+00;    0.456538429018426E+00;    0.100000000000000E+01;    0.000000000000000E+00;    0.000000000000000E+00;    0.100000000000000E+01;    0.100000000000000E+01
PHANTOM;   0;       5; 2;    0.122329103369259E+00;    0.411004237964074E+00;    0.100000000000000E+01;    0.000000000000000E+00;    0.000000000000000E+00;    0.100000000000000E+01;    0.100000000000000E+01
PHANTOM;   0;       5; 3;    0.411004237964074E+00;    0.122329103369259E+00;    0.100000000000000E+01;    0.000000000000000E+00;    0.000000000000000E+00;    0.100000000000000E+01;    0.100000000000000E+01
PHANTOM;   0;       5; 4;    0.110128253648241E+00;    0.110128253648241E+00;    0.100000000000000E+01;    0.000000000000000E+00;    0.000000000000000E+00;    0.100000000000000E+01;    0.100000000000000E+01
PHANTOM;   0;       6; 1;    0.456538429018426E+00;    0.667863294423611E+00;    0.100000000000000E+01;    0.000000000000000E+00;    0.000000000000000E+00;    0.100000000000000E+01;    0.100000000000000E+01
PHANTOM;   0;       6; 2;    0.411004237964074E+00;    0.911004237964074E+00;    0.100000000000000E+01;    0.000000000000000E+00;    0.000000000000000E+00;    0.100000000000000E+01;    0.100000000000000E+01
PHANTOM;   0;       6; 3;    0.122329103369259E+00;    0.622329103369259E+00;    0.100000000000000E+01;    0.000000000000000E+00;    0.000000000000000E+00;    0.100000000000000E+01;    0.100000000000000E+01
PHANTOM;   0;       6; 4;    0.110128253648241E+00;    0.898803388243056E+00;    0.100000000000000E+01;    0.000000000000000E+00;    0.000000000000000E+00;    0.100000000000000E+01;    0.100000000000000E+01
PHANTOM;   0;       7; 1;    0.911004237964074E+00;    0.411004237964074E+00;    0.100000000000000E+01;    0.000000000000000E+00;    0.000000000000000E+00;    0.100000000000000E+01;    0.100000000000000E+01
PHANTOM;   0;       7; 2;    0.667863294423611E+00;    0.456538429018426E+00;    0.100000000000000E+01;    0.000000000000000E+00;    0.000000000000000E+00;    0.100000000000000E+01;    0.100000000000000E+01
PHANTOM;   0;       7; 3;    0.898803388243056E+00;    0.110128253648241E+00;    0.100000000000000E+01;    0.000000000000000E+00;    0.000000000000000E+00;    0.100000000000000E+01;    0.100000000000000E+01
PHANTOM;   0;       7; 4;    0.622329103369259E+00;    0.122329103369259E+00;    0.100000000000000E+01;    0.000000000000000E+00;    0.000000000000000E+00;    0.100000000000000E+01;    0.100000000000000E+01
PHANTOM;   0;       8; 1;    0.667863294423611E+00;    0.667863294423611E+00;    0.100000000000000E+01;    0.000000000000000E+00;    0.000000000000000E+00;    0.100000000000000E+01;    0.100000000000000E+01
PHANTOM;   0;       8; 2;    0.911004237964074E+00;    0.622329103369259E+00;    0.100000000000000E+01;    0.000000000000000E+00;    0.000000000000000E+00;    0.100000000000000E+01;    0.100000000000000E+01
PHANTOM;   0;       8; 3;    0.622329103369259E+00;    0.911004237964074E+00;    0.100000000000000E+01;    0.000000000000000E+00;    0.000000000000000E+00;    0.100000000000000E+01;    0.100000000000000E+01
PHANTOM;   0;       8; 4;    0.898803388243056E+00;    0.898803388243056E+00;    0.100000000000000E+01;    0.000000000000000E+00;    0.000000000000000E+00;    0.100000000000000E+01;    0.100000000000000E+01
PHANTOM;   1;       5; 1;    0.456538429018426E+00;    0.456538429018426E+00;    0.100000000000000E+01;    0.000000000000000E+00;    0.000000000000000E+00;    0.100000000000000E+01;    0.100000000000000E+01
PHANTOM;   1;       5; 2;    0.122329103369259E+00;    0.411004237964074E+00;    0.100000000000000E+01;    0.000000000000000E+00;    0.000000000000000E+00;    0.100000000000000E+01;    0.100000000000000E+01
PHANTOM;   1;       5; 3;    0.411004237964074E+00;    0.122329103369259E+00;    0.100000000000000E+01;    0.000000000000000E+00;    0.000000000000000E+00;    0.100000000000000E+01;    0.100000000000000E+01
PHANTOM;   1;       5; 4;    0.110128253648241E+00;    0.110128253648241E+00;    0.100000000000000E+01;    0.000000000000000E+00;    0.000000000000000E+00;    0.100000000000000E+01;    0.100000000000000E+01
PHANTOM;   1;       6; 1;    0.456538429018426E+00;    0.667863294423611E+00;    0.100000000000000E+01;    0.000000000000000E+00;    0.000000000000000E+00;    0.100000000000000E+01;    0.100000000000000E+01
PHANTOM;   1;       6; 2;    0.411004237964074E+00;    0.911004237964074E+00;    0.100000000000000E+01;    0.000000000000000E+00;    0.000000000000000E+00;    0.100000000000000E+01;    0.100000000000000E+01
PHANTOM;   1;       6; 3;    0.122329103369259E+00;    0.622329103369259E+00;    0.100000000000000E+01;    0.000000000000000E+00;    0.000000000000000E+00;    0.100000000000000E+01;    0.100000000000000E+01
PHANTOM;   1;       6; 4;    0.110128253648241E+00;    0.898803388243056E+00;    0.100000000000000E+01;    0.000000000000000E+00;    0.000000000000000E+00;    0.100000000000000E+01;    0.100000000000000E+01
PHANTOM;   1;       7; 1;    0.911004237964074E+00;    0.411004237964074E+00;    0.100000000000000E+01;    0.000000000000000E+00;    0.000000000000000E+00;    0.100000000000000E+01;    0.100000000000000E+01
PHANTOM;   1;       7; 2;    0.667863294423611E+00;    0.456538429018426E+00;    0.100000000000000E+01;    0.000000000000000E+00;    0.000000000000000E+00;    0.100000000000000E+01;    0.100000000000000E+01
PHANTOM;   1;       7; 3;    0.898803388243056E+00;    0.110128253648241E+00;    0.100000000000000E+01;    0.000000000000000E+00;    0.000000000000000E+00;    0.100000000000000E+01;    0.100000000000000E+01
PHANTOM;   1;       7; 4;    0.622329103369259E+00;    0.122329103369259E+00;    0.100000000000000E+01;    0.000000000000000E+00;    0.000000000000000E+00;    0.100000000000000E+01;    0.100000000000000E+01
PHANTOM;   1;       8; 1;    0.667863294423611E+00;    0.667863294423611E+00;    0.100000000000000E+01;    0.000000000000000E+00;    0.000000000000000E+00;    0.100000000000000E+01;    0.100000000000000E+01
PHANTOM;   1;       8; 2;    0.911004237964074E+00;    0.622329103369259E+00;    0.100000000000000E+01;    0.000000000000000E+00;    0.000000000000000E+00;    0.100000000000000E+01;    0.100000000000000E+01
PHANTOM;   1;       8; 3;    0.622329103369259E+00;    0.911004237964074E+00;    0.100000000000000E+01;    0.000000000000000E+00;    0.000000000000000E+00;    0.100000000000000E+01;    0.100000000000000E+01
PHANTOM;   1;       8; 4;    0.898803388243056E+00;    0.898803388243056E+00;    0.100000000000000E+01;    0.000000000000000E+00;    0.000000000000000E+00;    0.100000000000000E+01;    0.100000000000000E+01
PHANTOM;   1;       5; 1;    0.502192271920268E+00;    0.442842276147873E+00;    0.110000000000000E+01;   -0.173472347597681E-16;   -0.954097911787244E-17;    0.970000000000000E+00;    0.937207122774133E+00
PHANTOM;   1;       5; 2;    0.134562013706185E+00;    0.398674110825152E+00;    0.110000000000000E+01;   -0.780625564189563E-17;   -0.954097911787244E-17;    0.970000000000000E+00;    0.937207122774133E+00
PHANTOM;   1;       5; 3;    0.452104661760481E+00;    0.118659230268181E+00;    0.110000000000000E+01;   -0.190819582357449E-16;   -0.238524477946811E-17;    0.970000000000000E+00;    0.937207122774133E+00
PHANTOM;   1;       5; 4;    0.121141079013065E+00;    0.106824406038794E+00;    0.110000000000000E+01;   -0.780625564189563E-17;   -0.281892564846231E-17;    0.970000000000000E+00;    0.937207122774133E+00
PHANTOM;   1;       6; 1;    0.502192271920268E+00;    0.647827395590902E+00;    0.110000000000000E+01;    0.381639164714898E-16;   -0.112757025938492E-16;    0.970000000000000E+00;    0.937207122774133E+00
PHANTOM;   1;       6; 2;    0.452104661760481E+00;    0.883674110825152E+00;    0.110000000000000E+01;    0.416333634234434E-16;   -0.156125112837913E-16;    0.970000000000000E+00;    0.937207122774133E+00
PHANTOM;   1;       6; 3;    0.134562013706185E+00;    0.603659230268181E+00;    0.110000000000000E+01;    0.780625564189563E-17;   -0.104083408558608E-16;    0.970000000000000E+00;    0.937207122774133E+00
PHANTOM;   1;       6; 4;    0.121141079013065E+00;    0.871839286595764E+00;    0.110000000000000E+01;    0.867361737988404E-17;   -0.153956708492942E-16;    0.970000000000000E+00;    0.937207122774133E+00
PHANTOM;   1;       7; 1;    0.100210466176048E+01;    0.398674110825152E+00;    0.110000000000000E+01;   -0.425007251614318E-16;   -0.520417042793042E-17;    0.970000000000000E+00;    0.937207122774133E+00
PHANTOM;   1;       7; 2;    0.734649623865972E+00;    0.442842276147873E+00;    0.110000000000000E+01;   -0.138777878078145E-16;   -0.433680868994202E-17;    0.970000000000000E+00;    0.937207122774133E+00
PHANTOM;   1;       7; 3;    0.988683727067362E+00;    0.106824406038794E+00;    0.110000000000000E+01;   -0.425007251614318E-16;   -0.216840434497101E-17;    0.970000000000000E+00;    0.937207122774133E+00
PHANTOM;   1;       7; 4;    0.684562013706185E+00;    0.118659230268181E+00;    0.110000000000000E+01;   -0.121430643318376E-16;   -0.195156391047391E-17;    0.970000000000000E+00;    0.937207122774133E+00
PHANTOM;   1;       8; 1;    0.734649623865972E+00;    0.647827395590902E+00;    0.110000000000000E+01;    0.416333634234434E-16;   -0.780625564189563E-17;    0.970000000000000E+00;    0.937207122774133E+00
PHANTOM;   1;       8; 2;    0.100210466176048E+01;    0.603659230268181E+00;    0.110000000000000E+01;    0.208166817117217E-16;   -0.693889390390723E-17;    0.970000000000000E+00;    0.937207122774133E+00
PHANTOM;   1;       8; 3;    0.684562013706185E+00;    0.883674110825152E+00;    0.110000000000000E+01;    0.312250225675825E-16;   -0.325260651745651E-17;    0.970000000000000E+00;    0.937207122774133E+00
PHANTOM;   1;       8; 4;    0.988683727067362E+00;    0.871839286595764E+00;    0.110000000000000E+01;    0.190819582357449E-16;   -0.281892564846231E-17;    0.970000000000000E+00;    0.937207122774133E+00
PHANTOM;   1;       5; 1;    0.502192271920268E+00;    0.435038754817015E+00;    0.110000000000000E+01;   -0.398986399474666E-16;    0.121430643318376E-16;    0.952907197215279E+00;    0.954018304980363E+00
PHANTOM;   1;       5; 2;    0.134562013706185E+00;    0.391648896441947E+00;    0.110000000000000E+01;   -0.104083408558608E-16;    0.121430643318376E-16;    0.952907197215279E+00;    0.954018304980363E+00
PHANTOM;   1;       5; 3;    0.452104661760481E+00;    0.116568283029459E+00;    0.110000000000000E+01;   -0.433680868994202E-16;    0.368628738645072E-17;    0.952907197215279E+00;    0.954018304980363E+00
PHANTOM;   1;       5; 4;    0.121141079013065E+00;    0.104942005518159E+00;    0.110000000000000E+01;   -0.112757025938492E-16;    0.368628738645072E-17;    0.952907197215279E+00;    0.954018304980363E+00
PHANTOM;   1;       6; 1;    0.502192271920268E+00;    0.636411740012165E+00;    0.110000000000000E+01;   -0.312250225675825E-16;    0.346944695195361E-17;    0.952907197215279E+00;    0.954018304980363E+00
PHANTOM;   1;       6; 2;    0.452104661760481E+00;    0.868102495049587E+00;    0.110000000000000E+01;   -0.346944695195361E-16;   -0.260208521396521E-17;    0.952907197215279E+00;    0.954018304980363E+00
PHANTOM;   1;       6; 3;    0.134562013706185E+00;    0.593021881637098E+00;    0.110000000000000E+01;   -0.693889390390723E-17;    0.173472347597681E-17;    0.952907197215279E+00;    0.954018304980363E+00
PHANTOM;   1;       6; 4;    0.121141079013065E+00;    0.856476217538287E+00;    0.110000000000000E+01;   -0.954097911787244E-17;   -0.325260651745651E-17;    0.952907197215279E+00;    0.954018304980363E+00
PHANTOM;   1;       7; 1;    0.100210466176048E+01;    0.391648896441947E+00;    0.110000000000000E+01;   -0.433680868994202E-16;    0.242861286636753E-16;    0.952907197215279E+00;    0.954018304980363E+00
PHANTOM;   1;       7; 2;    0.734649623865972E+00;    0.435038754817015E+00;    0.110000000000000E+01;   -0.277555756156289E-16;    0.242861286636753E-16;    0.952907197215279E+00;    0.954018304980363E+00
PHANTOM;   1;       7; 3;    0.988683727067362E+00;    0.104942005518159E+00;    0.110000000000000E+01;   -0.425007251614318E-16;    0.238524477946811E-16;    0.952907197215279E+00;    0.954018304980363E+00
PHANTOM;   1;       7; 4;    0.684562013706185E+00;    0.116568283029459E+00;    0.110000000000000E+01;   -0.225514051876985E-16;    0.238524477946811E-16;    0.952907197215279E+00;    0.954018304980363E+00
PHANTOM;   1;       8; 1;    0.734649623865972E+00;    0.636411740012165E+00;    0.110000000000000E+01;   -0.381639164714898E-16;    0.208166817117217E-16;    0.952907197215279E+00;    0.954018304980363E+00
PHANTOM;   1;       8; 2;    0.100210466176048E+01;    0.593021881637098E+00;    0.110000000000000E+01;    0.433680868994202E-17;    0.225514051876985E-16;    0.952907197215279E+00;    0.954018304980363E+00
PHANTOM;   1;       8; 3;    0.684562013706185E+00;    0.868102495049587E+00;    0.110000000000000E+01;   -0.381639164714898E-16;    0.277555756156289E-16;    0.952907197215279E+00;    0.954018304980363E+00
PHANTOM;   1;       8; 4;    0.988683727067362E+00;    0.856476217538287E+00;    0.110000000000000E+01;    0.520417042793042E-17;    0.286229373536173E-16;    0.952907197215279E+00;    0.954018304980363E+00
PHANTOM;   1;       5; 1;    0.502192271920268E+00;    0.435388106097175E+00;    0.110000000000000E+01;   -0.260208521396521E-16;    0.156125112837913E-16;    0.953672414901140E+00;    0.953252809755589E+00
PHANTOM;   1;       5; 2;    0.134562013706185E+00;    0.391963404153801E+00;    0.110000000000000E+01;   -0.104083408558608E-16;    0.164798730217797E-16;    0.953672414901140E+00;    0.953252809755589E+00
PHANTOM;   1;       5; 3;    0.452104661760481E+00;    0.116661891422852E+00;    0.110000000000000E+01;   -0.277555756156289E-16;    0.455364912443912E-17;    0.953672414901140E+00;    0.953252809755589E+00
PHANTOM;   1;       5; 4;    0.121141079013065E+00;    0.105026277605563E+00;    0.110000000000000E+01;   -0.104083408558608E-16;    0.455364912443912E-17;    0.953672414901140E+00;    0.953252809755589E+00
PHANTOM;   1;       6; 1;    0.502192271920268E+00;    0.636922800816796E+00;    0.110000000000000E+01;   -0.346944695195361E-16;    0.182145964977565E-16;    0.953672414901140E+00;    0.953252809755589E+00
PHANTOM;   1;       6; 2;    0.452104661760481E+00;    0.868799611604371E+00;    0.110000000000000E+01;   -0.381639164714898E-16;    0.628837260041593E-17;    0.953672414901140E+00;    0.953252809755589E+00
PHANTOM;   1;       6; 3;    0.134562013706185E+00;    0.593498098873422E+00;    0.110000000000000E+01;   -0.433680868994202E-17;    0.173472347597681E-16;    0.953672414901140E+00;    0.953252809755589E+00
PHANTOM;   1;       6; 4;    0.121141079013065E+00;    0.857163997787082E+00;    0.110000000000000E+01;   -0.520417042793042E-17;    0.585469173142172E-17;    0.953672414901140E+00;    0.953252809755589E+00
PHANTOM;   1;       7; 1;    0.100210466176048E+01;    0.391963404153801E+00;    0.110000000000000E+01;   -0.182145964977565E-16;    0.294902990916057E-16;    0.953672414901140E+00;    0.953252809755589E+00
PHANTOM;   1;       7; 2;    0.734649623865972E+00;    0.435388106097175E+00;    0.110000000000000E+01;   -0.294902990916057E-16;    0.294902990916057E-16;    0.953672414901140E+00;    0.953252809755589E+00
PHANTOM;   1;       7; 3;    0.988683727067362E+00;    0.105026277605564E+00;    0.110000000000000E+01;   -0.164798730217797E-16;    0.359955121265187E-16;    0.953672414901140E+00;    0.953252809755589E+00
PHANTOM;   1;       7; 4;    0.684562013706185E+00;    0.116661891422852E+00;    0.110000000000000E+01;   -0.260208521396521E-16;    0.359955121265187E-16;    0.953672414901140E+00;    0.953252809755589E+00
PHANTOM;   1;       8; 1;    0.734649623865972E+00;    0.636922800816796E+00;    0.110000000000000E+01;   -0.173472347597681E-16;    0.173472347597681E-16;    0.953672414901140E+00;    0.953252809755589E+00
PHANTOM;   1;       8; 2;    0.100210466176048E+01;    0.593498098873422E+00;    0.110000000000000E+01;    0.520417042793042E-17;    0.104083408558608E-16;    0.953672414901140E+00;    0.953252809755589E+00
PHANTOM;   1;       8; 3;    0.684562013706185E+00;    0.868799611604371E+00;    0.110000000000000E+01;   -0.173472347597681E-16;   -0.125767452008319E-16;    0.953672414901140E+00;    0.953252809755589E+00
PHANTOM;   1;       8; 4;    0.988683727067362E+00;    0.857163997787082E+00;    0.110000000000000E+01;    0.520417042793042E-17;   -0.138777878078145E-16;    0.953672414901140E+00;    0.953252809755589E+00
PHANTOM;   2;       5; 1;    0.547846114822111E+00;    0.414237783175923E+00;    0.120000000000000E+01;   -0.520417042793042E-16;    0.312250225675825E-16;    0.907344829802279E+00;    0.918430684743006E+00
PHANTOM;   2;       5; 2;    0.146794924043111E+00;    0.372922570343528E+00;    0.120000000000000E+01;   -0.208166817117217E-16;    0.329597460435593E-16;    0.907344829802279E+00;    0.918430684743006E+00
PHANTOM;   2;       5; 3;    0.493205085556889E+00;    0.110994679476446E+00;    0.120000000000000E+01;   -0.555111512312578E-16;    0.910729824887824E-17;    0.907344829802279E+00;    0.918430684743006E+00
PHANTOM;   2;       5; 4;    0.132153904377889E+00;    0.999243015628857E-01;    0.120000000000000E+01;   -0.208166817117217E-16;    0.910729824887824E-17;    0.907344829802280E+00;    0.918430684743005E+00
PHANTOM;   2;       6; 1;    0.547846114822111E+00;    0.605982307209981E+00;    0.120000000000000E+01;   -0.693889390390723E-16;    0.364291929955129E-16;    0.907344829802279E+00;    0.918430684743006E+00
PHANTOM;   2;       6; 2;    0.493205085556889E+00;    0.826594985244668E+00;    0.120000000000000E+01;   -0.763278329429795E-16;    0.125767452008319E-16;    0.907344829802279E+00;    0.918430684743006E+00
PHANTOM;   2;       6; 3;    0.146794924043111E+00;    0.564667094377586E+00;    0.120000000000000E+01;   -0.867361737988404E-17;    0.346944695195361E-16;    0.907344829802280E+00;    0.918430684743005E+00
PHANTOM;   2;       6; 4;    0.132153904377889E+00;    0.815524607331108E+00;    0.120000000000000E+01;   -0.104083408558608E-16;    0.117093834628434E-16;    0.907344829802279E+00;    0.918430684743006E+00
PHANTOM;   2;       7; 1;    0.109320508555689E+01;    0.372922570343528E+00;    0.120000000000000E+01;   -0.364291929955129E-16;    0.589805981832114E-16;    0.907344829802279E+00;    0.918430684743006E+00
PHANTOM;   2;       7; 2;    0.801435953308333E+00;    0.414237783175923E+00;    0.120000000000000E+01;   -0.589805981832114E-16;    0.589805981832114E-16;    0.907344829802279E+00;    0.918430684743006E+00
PHANTOM;   2;       7; 3;    0.107856406589167E+01;    0.999243015628857E-01;    0.120000000000000E+01;   -0.329597460435593E-16;    0.719910242530375E-16;    0.907344829802279E+00;    0.918430684743005E+00
PHANTOM;   2;       7; 4;    0.746794924043111E+00;    0.110994679476446E+00;    0.120000000000000E+01;   -0.520417042793042E-16;    0.719910242530375E-16;    0.907344829802279E+00;    0.918430684743006E+00
PHANTOM;   2;       8; 1;    0.801435953308333E+00;    0.605982307209981E+00;    0.120000000000000E+01;   -0.346944695195361E-16;    0.346944695195361E-16;    0.907344829802279E+00;    0.918430684743006E+00
PHANTOM;   2;       8; 2;    0.109320508555689E+01;    0.564667094377586E+00;    0.120000000000000E+01;    0.104083408558608E-16;    0.208166817117217E-16;    0.907344829802279E+00;    0.918430684743005E+00
PHANTOM;   2;       8; 3;    0.746794924043111E+00;    0.826594985244668E+00;    0.120000000000000E+01;   -0.346944695195361E-16;   -0.251534904016637E-16;    0.907344829802280E+00;    0.918430684743005E+00
PHANTOM;   2;       8; 4;    0.107856406589167E+01;    0.815524607331108E+00;    0.120000000000000E+01;    0.104083408558608E-16;   -0.277555756156289E-16;    0.907344829802279E+00;    0.918430684743005E+00
PHANTOM;   2;       5; 1;    0.547846114822111E+00;    0.416900588234710E+00;    0.120000000000000E+01;    0.346944695195361E-17;    0.867361737988404E-17;    0.913177427650639E+00;    0.912564533572930E+00
PHANTOM;   2;       5; 2;    0.146794924043111E+00;    0.375319792777544E+00;    0.120000000000000E+01;    0.867361737988404E-17;    0.867361737988404E-17;    0.913177427650639E+00;    0.912564533572930E+00
PHANTOM;   2;       5; 3;    0.493205085556889E+00;    0.111708175941549E+00;    0.120000000000000E+01;    0.346944695195361E-17;    0.433680868994202E-17;    0.913177427650639E+00;    0.912564533572930E+00
PHANTOM;   2;       5; 4;    0.132153904377890E+00;    0.100566635378158E+00;    0.120000000000000E+01;    0.867361737988404E-17;    0.433680868994202E-17;    0.913177427650639E+00;    0.912564533572930E+00
PHANTOM;   2;       6; 1;    0.547846114822111E+00;    0.609877685224034E+00;    0.120000000000000E+01;   -0.416333634234434E-16;    0.693889390390723E-17;    0.913177427650639E+00;    0.912564533572930E+00
PHANTOM;   2;       6; 2;    0.493205085556889E+00;    0.831908506602864E+00;    0.120000000000000E+01;   -0.485722573273506E-16;    0.260208521396521E-17;    0.913177427650639E+00;    0.912564533572930E+00
PHANTOM;   2;       6; 3;    0.146794924043111E+00;    0.568296889766869E+00;    0.120000000000000E+01;   -0.867361737988404E-17;    0.693889390390723E-17;    0.913177427650639E+00;    0.912564533572930E+00
PHANTOM;   2;       6; 4;    0.132153904377890E+00;    0.820766966039473E+00;    0.120000000000000E+01;   -0.121430643318376E-16;    0.216840434497101E-17;    0.913177427650639E+00;    0.912564533572930E+00
PHANTOM;   2;       7; 1;    0.109320508555689E+01;    0.375319792777544E+00;    0.120000000000000E+01;    0.242861286636753E-16;    0.693889390390723E-17;    0.913177427650639E+00;    0.912564533572930E+00
PHANTOM;   2;       7; 2;    0.801435953308333E+00;    0.416900588234710E+00;    0.120000000000000E+01;    0.451028103753970E-16;    0.346944695195361E-17;    0.913177427650639E+00;    0.912564533572930E+00
PHANTOM;   2;       7; 3;    0.107856406589167E+01;    0.100566635378158E+00;    0.120000000000000E+01;    0.225514051876985E-16;   -0.225514051876985E-16;    0.913177427650639E+00;    0.912564533572930E+00
PHANTOM;   2;       7; 4;    0.746794924043111E+00;    0.111708175941549E+00;    0.120000000000000E+01;    0.416333634234434E-16;   -0.234187669256869E-16;    0.913177427650639E+00;    0.912564533572930E+00
PHANTOM;   2;       8; 1;    0.801435953308333E+00;    0.609877685224034E+00;    0.120000000000000E+01;   -0.693889390390723E-16;    0.277555756156289E-16;    0.913177427650639E+00;    0.912564533572930E+00
PHANTOM;   2;       8; 2;    0.109320508555689E+01;    0.568296889766869E+00;    0.120000000000000E+01;   -0.190819582357449E-16;    0.312250225675825E-16;    0.913177427650639E+00;    0.912564533572930E+00
PHANTOM;   2;       8; 3;    0.746794924043111E+00;    0.831908506602864E+00;    0.120000000000000E+01;   -0.624500451351651E-16;    0.637510877421477E-16;    0.913177427650639E+00;    0.912564533572930E+00
PHANTOM;   2;       8; 4;    0.107856406589167E+01;    0.820766966039473E+00;    0.120000000000000E+01;   -0.173472347597681E-16;    0.646184494801361E-16;    0.913177427650639E+00;    0.912564533572930E+00
PHANTOM;   3;       5; 1;    0.593499957723954E+00;    0.398413070372245E+00;    0.130000000000000E+01;    0.624500451351651E-16;    0.346944695195361E-17;    0.872682440400139E+00;    0.881455537111604E+00
PHANTOM;   3;       5; 2;    0.159027834380037E+00;    0.358676181401287E+00;    0.130000000000000E+01;    0.156125112837913E-16;    0.346944695195361E-17;    0.872682440400139E+00;    0.881455537111603E+00
PHANTOM;   3;       5; 3;    0.534305509353296E+00;    0.106754460460246E+00;    0.130000000000000E+01;    0.693889390390723E-16;    0.433680868994202E-17;    0.872682440400139E+00;    0.881455537111604E+00
PHANTOM;   3;       5; 4;    0.143166729742714E+00;    0.961069931507526E-01;    0.130000000000000E+01;    0.190819582357449E-16;    0.346944695195361E-17;    0.872682440400139E+00;    0.881455537111604E+00
PHANTOM;   3;       6; 1;    0.593499957723954E+00;    0.582832569631273E+00;    0.130000000000000E+01;   -0.832667268468867E-16;    0.346944695195361E-17;    0.872682440400139E+00;    0.881455537111603E+00
PHANTOM;   3;       6; 2;    0.534305509353296E+00;    0.795017401601357E+00;    0.130000000000000E+01;   -0.111022302462516E-15;    0.477048955893622E-16;    0.872682440400139E+00;    0.881455537111603E+00
PHANTOM;   3;       6; 3;    0.159027834380037E+00;    0.543095680660315E+00;    0.130000000000000E+01;   -0.173472347597681E-16;    0.693889390390723E-17;    0.872682440400139E+00;    0.881455537111604E+00
PHANTOM;   3;       6; 4;    0.143166729742714E+00;    0.784369934291864E+00;    0.130000000000000E+01;   -0.208166817117217E-16;    0.503069808033274E-16;    0.872682440400139E+00;    0.881455537111604E+00
PHANTOM;   3;       7; 1;    0.118430550935330E+01;    0.358676181401287E+00;    0.130000000000000E+01;   -0.121430643318376E-16;    0.277555756156289E-16;    0.872682440400139E+00;    0.881455537111604E+00
PHANTOM;   3;       7; 2;    0.868222282750694E+00;    0.398413070372245E+00;    0.130000000000000E+01;    0.138777878078145E-15;    0.138777878078145E-16;    0.872682440400139E+00;    0.881455537111604E+00
PHANTOM;   3;       7; 3;    0.116844440471597E+01;    0.961069931507526E-01;    0.130000000000000E+01;   -0.156125112837913E-16;   -0.771951946809679E-16;    0.872682440400139E+00;    0.881455537111604E+00
PHANTOM;   3;       7; 4;    0.809027834380037E+00;    0.106754460460246E+00;    0.130000000000000E+01;    0.117961196366423E-15;   -0.806646416329215E-16;    0.872682440400139E+00;    0.881455537111604E+00
PHANTOM;   3;       8; 1;    0.868222282750694E+00;    0.582832569631273E+00;    0.130000000000000E+01;   -0.187350135405495E-15;    0.832667268468867E-16;    0.872682440400139E+00;    0.881455537111604E+00
PHANTOM;   3;       8; 2;    0.118430550935330E+01;    0.543095680660315E+00;    0.130000000000000E+01;    0.867361737988404E-17;    0.797972798949331E-16;    0.872682440400139E+00;    0.881455537111604E+00
PHANTOM;   3;       8; 3;    0.809027834380037E+00;    0.795017401601357E+00;    0.130000000000000E+01;   -0.159594559789866E-15;    0.997465998686664E-16;    0.872682440400139E+00;    0.881455537111604E+00
PHANTOM;   3;       8; 4;    0.116844440471597E+01;    0.784369934291864E+00;    0.130000000000000E+01;    0.138777878078145E-16;    0.997465998686664E-16;    0.872682440400139E+00;    0.881455537111604E+00
PHANTOM;   3;       5; 1;    0.593499957723953E+00;    0.400587233165006E+00;    0.130000000000000E+01;    0.277555756156289E-16;    0.138777878078145E-16;    0.877444718128731E+00;    0.876671490907435E+00
PHANTOM;   3;       5; 2;    0.159027834380037E+00;    0.360633497730101E+00;    0.130000000000000E+01;    0.520417042793042E-17;    0.173472347597681E-16;    0.877444718128731E+00;    0.876671490907435E+00
PHANTOM;   3;       5; 3;    0.534305509353296E+00;    0.107337025624780E+00;    0.130000000000000E+01;    0.208166817117217E-16;    0.173472347597681E-17;    0.877444718128731E+00;    0.876671490907435E+00
PHANTOM;   3;       5; 4;    0.143166729742714E+00;    0.966314544803904E-01;    0.130000000000000E+01;    0.520417042793042E-17;    0.260208521396521E-17;    0.877444718128731E+00;    0.876671490907435E+00
PHANTOM;   3;       6; 1;    0.593499957723953E+00;    0.586013120124051E+00;    0.130000000000000E+01;   -0.346944695195361E-16;    0.416333634234434E-16;    0.877444718128731E+00;    0.876671490907435E+00
PHANTOM;   3;       6; 2;    0.534305509353296E+00;    0.799355856794467E+00;    0.130000000000000E+01;   -0.416333634234434E-16;    0.346944695195361E-16;    0.877444718128731E+00;    0.876671490907435E+00
PHANTOM;   3;       6; 3;    0.159027834380037E+00;    0.546059384689145E+00;    0.130000000000000E+01;   -0.693889390390723E-17;    0.381639164714898E-16;    0.877444718128731E+00;    0.876671490907435E+00
PHANTOM;   3;       6; 4;    0.143166729742714E+00;    0.788650285650077E+00;    0.130000000000000E+01;   -0.693889390390723E-17;    0.320923843055709E-16;    0.877444718128731E+00;    0.876671490907435E+00
PHANTOM;   3;       7; 1;    0.118430550935330E+01;    0.360633497730101E+00;    0.130000000000000E+01;   -0.173472347597681E-16;   -0.242861286636753E-16;    0.877444718128731E+00;    0.876671490907436E+00
PHANTOM;   3;       7; 2;    0.868222282750694E+00;    0.400587233165006E+00;    0.130000000000000E+01;    0.693889390390723E-16;   -0.277555756156289E-16;    0.877444718128731E+00;    0.876671490907436E+00
PHANTOM;   3;       7; 3;    0.116844440471597E+01;    0.966314544803904E-01;    0.130000000000000E+01;   -0.156125112837913E-16;   -0.398986399474666E-16;    0.877444718128731E+00;    0.876671490907435E+00
PHANTOM;   3;       7; 4;    0.809027834380037E+00;    0.107337025624780E+00;    0.130000000000000E+01;    0.693889390390723E-16;   -0.398986399474666E-16;    0.877444718128731E+00;    0.876671490907436E+00
PHANTOM;   3;       8; 1;    0.868222282750694E+00;    0.586013120124051E+00;    0.130000000000000E+01;   -0.902056207507940E-16;   -0.173472347597681E-16;    0.877444718128731E+00;    0.876671490907436E+00
PHANTOM;   3;       8; 2;    0.118430550935330E+01;    0.546059384689145E+00;    0.130000000000000E+01;    0.138777878078145E-16;   -0.104083408558608E-16;    0.877444718128731E+00;    0.876671490907436E+00
PHANTOM;   3;       8; 3;    0.809027834380037E+00;    0.799355856794467E+00;    0.130000000000000E+01;   -0.902056207507940E-16;    0.451028103753970E-16;    0.877444718128731E+00;    0.876671490907436E+00
PHANTOM;   3;       8; 4;    0.116844440471597E+01;    0.788650285650077E+00;    0.130000000000000E+01;    0.138777878078145E-16;    0.468375338513738E-16;    0.877444718128731E+00;    0.876671490907436E+00
PHANTOM;   4;       5; 1;    0.639153800625796E+00;    0.384273878095303E+00;    0.140000000000000E+01;    0.693889390390723E-17;    0.138777878078145E-16;    0.841712008606823E+00;    0.848610578180985E+00
PHANTOM;   4;       5; 2;    0.171260744716963E+00;    0.345947202682657E+00;    0.140000000000000E+01;    0.173472347597681E-16;    0.104083408558608E-16;    0.841712008606823E+00;    0.848610578180985E+00
PHANTOM;   4;       5; 3;    0.575405933149704E+00;    0.102965875308011E+00;    0.140000000000000E+01;    0.693889390390723E-17;    0.520417042793042E-17;    0.841712008606823E+00;    0.848610578180985E+00
PHANTOM;   4;       5; 4;    0.154179555107538E+00;    0.926962735826228E-01;    0.140000000000000E+01;    0.173472347597681E-16;    0.433680868994202E-17;    0.841712008606823E+00;    0.848610578180985E+00
PHANTOM;   4;       6; 1;    0.639153800625796E+00;    0.562148555024067E+00;    0.140000000000000E+01;    0.555111512312578E-16;    0.312250225675825E-16;    0.841712008606823E+00;    0.848610578180985E+00
PHANTOM;   4;       6; 2;    0.575405933149704E+00;    0.766803206986069E+00;    0.140000000000000E+01;    0.555111512312578E-16;    0.407660016854550E-16;    0.841712008606823E+00;    0.848610578180985E+00
PHANTOM;   4;       6; 3;    0.171260744716963E+00;    0.523821879611422E+00;    0.140000000000000E+01;   -0.346944695195361E-17;    0.346944695195361E-16;    0.841712008606823E+00;    0.848610578180985E+00
PHANTOM;   4;       6; 4;    0.154179555107538E+00;    0.756533605260681E+00;    0.140000000000000E+01;   -0.346944695195361E-17;    0.398986399474666E-16;    0.841712008606823E+00;    0.848610578180985E+00
PHANTOM;   4;       7; 1;    0.127540593314970E+01;    0.345947202682657E+00;    0.140000000000000E+01;    0.485722573273506E-16;   -0.173472347597681E-16;    0.841712008606823E+00;    0.848610578180985E+00
PHANTOM;   4;       7; 2;    0.935008612193055E+00;    0.384273878095303E+00;    0.140000000000000E+01;    0.111022302462516E-15;   -0.277555756156289E-16;    0.841712008606823E+00;    0.848610578180985E+00
PHANTOM;   4;       7; 3;    0.125832474354028E+01;    0.926962735826228E-01;    0.140000000000000E+01;    0.451028103753970E-16;   -0.581132364452230E-16;    0.841712008606823E+00;    0.848610578180985E+00
PHANTOM;   4;       7; 4;    0.871260744716963E+00;    0.102965875308011E+00;    0.140000000000000E+01;    0.104083408558608E-15;   -0.598479599211998E-16;    0.841712008606823E+00;    0.848610578180985E+00
PHANTOM;   4;       8; 1;    0.935008612193055E+00;    0.562148555024067E+00;    0.140000000000000E+01;   -0.832667268468867E-16;   -0.104083408558608E-16;    0.841712008606823E+00;    0.848610578180985E+00
PHANTOM;   4;       8; 2;    0.127540593314970E+01;    0.523821879611422E+00;    0.140000000000000E+01;   -0.242861286636753E-16;   -0.138777878078145E-16;    0.841712008606823E+00;    0.848610578180985E+00
PHANTOM;   4;       8; 3;    0.871260744716963E+00;    0.766803206986069E+00;    0.140000000000000E+01;   -0.693889390390723E-16;   -0.173472347597681E-17;    0.841712008606823E+00;    0.848610578180985E+00
PHANTOM;   4;       8; 4;    0.125832474354028E+01;    0.756533605260681E+00;    0.140000000000000E+01;   -0.277555756156289E-16;   -0.260208521396521E-17;    0.841712008606823E+00;    0.848610578180985E+00
PHANTOM;   4;       5; 1;    0.639153800625796E+00;    0.386052028113139E+00;    0.140000000000000E+01;    0.416333634234434E-16;    0.104083408558608E-16;    0.845606861492832E+00;    0.844701890219665E+00
PHANTOM;   4;       5; 2;    0.171260744716963E+00;    0.347548003725054E+00;    0.140000000000000E+01;    0.242861286636753E-16;    0.138777878078145E-16;    0.845606861492832E+00;    0.844701890219666E+00
PHANTOM;   4;       5; 3;    0.575405933149704E+00;    0.103442329169311E+00;    0.140000000000000E+01;    0.485722573273506E-16;   -0.173472347597681E-17;    0.845606861492832E+00;    0.844701890219666E+00
PHANTOM;   4;       5; 4;    0.154179555107538E+00;    0.931252069291758E-01;    0.140000000000000E+01;    0.277555756156289E-16;   -0.867361737988404E-18;    0.845606861492832E+00;    0.844701890219666E+00
PHANTOM;   4;       6; 1;    0.639153800625796E+00;    0.564749784303813E+00;    0.140000000000000E+01;   -0.555111512312578E-16;    0.381639164714898E-16;    0.845606861492832E+00;    0.844701890219666E+00
PHANTOM;   4;       6; 2;    0.575405933149704E+00;    0.770351434471470E+00;    0.140000000000000E+01;   -0.693889390390723E-16;    0.100613961606655E-15;    0.845606861492832E+00;    0.844701890219665E+00
PHANTOM;   4;       6; 3;    0.171260744716963E+00;    0.526245759915727E+00;    0.140000000000000E+01;   -0.104083408558608E-16;    0.416333634234434E-16;    0.845606861492832E+00;    0.844701890219666E+00
PHANTOM;   4;       6; 4;    0.154179555107538E+00;    0.760034312231334E+00;    0.140000000000000E+01;   -0.173472347597681E-16;    0.101481323344643E-15;    0.845606861492832E+00;    0.844701890219666E+00
PHANTOM;   4;       7; 1;    0.127540593314970E+01;    0.347548003725054E+00;    0.140000000000000E+01;   -0.555111512312578E-16;    0.693889390390723E-17;    0.845606861492832E+00;    0.844701890219666E+00
PHANTOM;   4;       7; 2;    0.935008612193055E+00;    0.386052028113139E+00;    0.140000000000000E+01;    0.763278329429795E-16;   -0.208166817117217E-16;    0.845606861492832E+00;    0.844701890219666E+00
PHANTOM;   4;       7; 3;    0.125832474354028E+01;    0.931252069291758E-01;    0.140000000000000E+01;   -0.555111512312578E-16;   -0.137043154602168E-15;    0.845606861492832E+00;    0.844701890219666E+00
PHANTOM;   4;       7; 4;    0.871260744716963E+00;    0.103442329169311E+00;    0.140000000000000E+01;    0.693889390390723E-16;   -0.142247325030098E-15;    0.845606861492832E+00;    0.844701890219666E+00
PHANTOM;   4;       8; 1;    0.935008612193055E+00;    0.564749784303813E+00;    0.140000000000000E+01;   -0.111022302462516E-15;    0.797972798949331E-16;    0.845606861492832E+00;    0.844701890219666E+00
PHANTOM;   4;       8; 2;    0.127540593314970E+01;    0.526245759915727E+00;    0.140000000000000E+01;   -0.173472347597681E-16;    0.936750677027476E-16;    0.845606861492832E+00;    0.844701890219666E+00
PHANTOM;   4;       8; 3;    0.871260744716963E+00;    0.770351434471470E+00;    0.140000000000000E+01;   -0.693889390390723E-16;    0.202962646689286E-15;    0.845606861492832E+00;    0.844701890219666E+00
PHANTOM;   4;       8; 4;    0.125832474354028E+01;    0.760034312231334E+00;    0.140000000000000E+01;   -0.138777878078145E-16;    0.206432093641240E-15;    0.845606861492832E+00;    0.844701890219666E+00
PHANTOM;   5;       5; 1;    0.684807643527639E+00;    0.371516823061272E+00;    0.150000000000000E+01;    0.832667268468867E-16;   -0.104083408558608E-16;    0.813769004856933E+00;    0.819233299238120E+00
PHANTOM;   5;       5; 2;    0.183493655053889E+00;    0.334462509720007E+00;    0.150000000000000E+01;    0.208166817117217E-16;   -0.173472347597681E-16;    0.813769004856933E+00;    0.819233299238120E+00
PHANTOM;   5;       5; 3;    0.616506356946111E+00;    0.995476327138428E-01;    0.150000000000000E+01;    0.832667268468867E-16;   -0.173472347597681E-17;    0.813769004856933E+00;    0.819233299238120E+00
PHANTOM;   5;       5; 4;    0.165192380472362E+00;    0.896189593779612E-01;    0.150000000000000E+01;    0.242861286636753E-16;   -0.260208521396521E-17;    0.813769004856933E+00;    0.819233299238120E+00
PHANTOM;   5;       6; 1;    0.684807643527639E+00;    0.543486448483574E+00;    0.150000000000000E+01;   -0.416333634234434E-16;   -0.173472347597681E-16;    0.813769004856933E+00;    0.819233299238120E+00
PHANTOM;   5;       6; 2;    0.616506356946111E+00;    0.741347012148473E+00;    0.150000000000000E+01;   -0.555111512312578E-16;    0.936750677027476E-16;    0.813769004856933E+00;    0.819233299238120E+00
PHANTOM;   5;       6; 3;    0.183493655053889E+00;    0.506432135142309E+00;    0.150000000000000E+01;    0.693889390390723E-17;   -0.693889390390723E-17;    0.813769004856933E+00;    0.819233299238120E+00
PHANTOM;   5;       6; 4;    0.165192380472362E+00;    0.731418338812591E+00;    0.150000000000000E+01;    0.346944695195361E-17;    0.971445146547012E-16;    0.813769004856933E+00;    0.819233299238120E+00
PHANTOM;   5;       7; 1;    0.136650635694611E+01;    0.334462509720007E+00;    0.150000000000000E+01;    0.208166817117217E-16;    0.624500451351651E-16;    0.813769004856933E+00;    0.819233299238120E+00
PHANTOM;   5;       7; 2;    0.100179494163542E+01;    0.371516823061272E+00;    0.150000000000000E+01;    0.222044604925031E-15;    0.693889390390723E-17;    0.813769004856933E+00;    0.819233299238120E+00
PHANTOM;   5;       7; 3;    0.134820508236458E+01;    0.896189593779611E-01;    0.150000000000000E+01;    0.208166817117217E-16;   -0.232452945780892E-15;    0.813769004856933E+00;    0.819233299238120E+00
PHANTOM;   5;       7; 4;    0.933493655053889E+00;    0.995476327138428E-01;    0.150000000000000E+01;    0.222044604925031E-15;   -0.244596010112730E-15;    0.813769004856933E+00;    0.819233299238120E+00
PHANTOM;   5;       8; 1;    0.100179494163542E+01;    0.543486448483574E+00;    0.150000000000000E+01;   -0.263677968348475E-15;    0.222044604925031E-15;    0.813769004856933E+00;    0.819233299238120E+00
PHANTOM;   5;       8; 2;    0.136650635694611E+01;    0.506432135142309E+00;    0.150000000000000E+01;   -0.416333634234434E-16;    0.235922392732846E-15;    0.813769004856933E+00;    0.819233299238120E+00
PHANTOM;   5;       8; 3;    0.933493655053889E+00;    0.741347012148473E+00;    0.150000000000000E+01;   -0.235922392732846E-15;    0.305311331771918E-15;    0.813769004856933E+00;    0.819233299238120E+00
PHANTOM;   5;       8; 4;    0.134820508236458E+01;    0.731418338812591E+00;    0.150000000000000E+01;   -0.346944695195361E-16;    0.307046055247895E-15;    0.813769004856933E+00;    0.819233299238120E+00
PHANTOM;   5;       5; 1;    0.684807643527639E+00;    0.372993646183142E+00;    0.150000000000000E+01;    0.693889390390723E-16;    0.000000000000000E+00;    0.817003832481511E+00;    0.815989644310210E+00
PHANTOM;   5;       5; 2;    0.183493655053889E+00;    0.335792037582791E+00;    0.150000000000000E+01;    0.277555756156289E-16;    0.000000000000000E+00;    0.817003832481511E+00;    0.815989644310210E+00
PHANTOM;   5;       5; 3;    0.616506356946111E+00;    0.999433462767115E-01;    0.150000000000000E+01;    0.555111512312578E-16;    0.260208521396521E-17;    0.817003832481511E+00;    0.815989644310210E+00
PHANTOM;   5;       5; 4;    0.165192380472362E+00;    0.899752052951090E-01;    0.150000000000000E+01;    0.346944695195361E-16;    0.173472347597681E-17;    0.817003832481511E+00;    0.815989644310210E+00
PHANTOM;   5;       6; 1;    0.684807643527639E+00;    0.545646871117818E+00;    0.150000000000000E+01;   -0.832667268468867E-16;   -0.208166817117217E-16;    0.817003832481511E+00;    0.815989644310210E+00
PHANTOM;   5;       6; 2;    0.616506356946111E+00;    0.744293953823547E+00;    0.150000000000000E+01;   -0.971445146547012E-16;    0.398986399474666E-16;    0.817003832481511E+00;    0.815989644310210E+00
PHANTOM;   5;       6; 3;    0.183493655053889E+00;    0.508445262517467E+00;    0.150000000000000E+01;   -0.312250225675825E-16;   -0.208166817117217E-16;    0.817003832481511E+00;    0.815989644310210E+00
PHANTOM;   5;       6; 4;    0.165192380472362E+00;    0.734325812841944E+00;    0.150000000000000E+01;   -0.346944695195361E-16;    0.398986399474666E-16;    0.817003832481511E+00;    0.815989644310210E+00
PHANTOM;   5;       7; 1;    0.136650635694611E+01;    0.335792037582791E+00;    0.150000000000000E+01;    0.138777878078145E-16;    0.277555756156289E-16;    0.817003832481511E+00;    0.815989644310210E+00
PHANTOM;   5;       7; 2;    0.100179494163542E+01;    0.372993646183142E+00;    0.150000000000000E+01;    0.111022302462516E-15;    0.693889390390723E-17;    0.817003832481511E+00;    0.815989644310211E+00
PHANTOM;   5;       7; 3;    0.134820508236458E+01;    0.899752052951090E-01;    0.150000000000000E+01;    0.138777878078145E-16;   -0.902056207507940E-16;    0.817003832481511E+00;    0.815989644310211E+00
PHANTOM;   5;       7; 4;    0.933493655053889E+00;    0.999433462767115E-01;    0.150000000000000E+01;    0.971445146547012E-16;   -0.936750677027476E-16;    0.817003832481511E+00;    0.815989644310211E+00
PHANTOM;   5;       8; 1;    0.100179494163542E+01;    0.545646871117818E+00;    0.150000000000000E+01;   -0.152655665885959E-15;    0.832667268468867E-16;    0.817003832481511E+00;    0.815989644310211E+00
PHANTOM;   5;       8; 2;    0.136650635694611E+01;    0.508445262517467E+00;    0.150000000000000E+01;   -0.936750677027476E-16;    0.693889390390723E-16;    0.817003832481511E+00;    0.815989644310211E+00
PHANTOM;   5;       8; 3;    0.933493655053889E+00;    0.744293953823547E+00;    0.150000000000000E+01;   -0.111022302462516E-15;    0.693889390390723E-16;    0.817003832481511E+00;    0.815989644310210E+00
PHANTOM;   5;       8; 4;    0.134820508236458E+01;    0.734325812841944E+00;    0.150000000000000E+01;   -0.797972798949331E-16;    0.693889390390723E-16;    0.817003832481511E+00;    0.815989644310210E+00
PHANTOM;   6;       5; 1;    0.730461486429481E+00;    0.359935264253145E+00;    0.160000000000000E+01;    0.277555756156289E-16;    0.138777878078145E-16;    0.788400803470189E+00;    0.792743991696898E+00
PHANTOM;   6;       5; 2;    0.195726565390815E+00;    0.324036071440529E+00;    0.160000000000000E+01;    0.138777878078145E-16;    0.693889390390723E-17;    0.788400803470189E+00;    0.792743991696898E+00
PHANTOM;   6;       5; 3;    0.657606780742519E+00;    0.964443633841117E-01;    0.160000000000000E+01;    0.138777878078145E-16;    0.520417042793042E-17;    0.788400803470189E+00;    0.792743991696898E+00
PHANTOM;   6;       5; 4;    0.176205205837186E+00;    0.868252036610422E-01;    0.160000000000000E+01;    0.138777878078145E-16;    0.520417042793042E-17;    0.788400803470189E+00;    0.792743991696898E+00
PHANTOM;   6;       6; 1;    0.730461486429481E+00;    0.526543957931822E+00;    0.160000000000000E+01;   -0.277555756156289E-16;    0.277555756156289E-16;    0.788400803470189E+00;    0.792743991696898E+00
PHANTOM;   6;       6; 2;    0.657606780742519E+00;    0.718236473175624E+00;    0.160000000000000E+01;   -0.277555756156289E-16;   -0.346944695195361E-17;    0.788400803470189E+00;    0.792743991696898E+00
PHANTOM;   6;       6; 3;    0.195726565390815E+00;    0.490644765119207E+00;    0.160000000000000E+01;   -0.173472347597681E-16;    0.312250225675825E-16;    0.788400803470189E+00;    0.792743991696898E+00
PHANTOM;   6;       6; 4;    0.176205205837186E+00;    0.708617313452554E+00;    0.160000000000000E+01;   -0.208166817117217E-16;   -0.520417042793042E-17;    0.788400803470189E+00;    0.792743991696898E+00
PHANTOM;   6;       7; 1;    0.145760678074252E+01;    0.324036071440529E+00;    0.160000000000000E+01;   -0.242861286636753E-16;    0.277555756156289E-16;    0.788400803470189E+00;    0.792743991696899E+00
PHANTOM;   6;       7; 2;    0.106858127107778E+01;    0.359935264253145E+00;    0.160000000000000E+01;    0.832667268468867E-16;    0.000000000000000E+00;    0.788400803470189E+00;    0.792743991696899E+00
PHANTOM;   6;       7; 3;    0.143808542118889E+01;    0.868252036610422E-01;    0.160000000000000E+01;   -0.208166817117217E-16;   -0.433680868994202E-16;    0.788400803470189E+00;    0.792743991696899E+00
PHANTOM;   6;       7; 4;    0.995726565390814E+00;    0.964443633841117E-01;    0.160000000000000E+01;    0.832667268468867E-16;   -0.468375338513738E-16;    0.788400803470189E+00;    0.792743991696899E+00
PHANTOM;   6;       8; 1;    0.106858127107778E+01;    0.526543957931823E+00;    0.160000000000000E+01;   -0.416333634234434E-16;    0.208166817117217E-16;    0.788400803470189E+00;    0.792743991696899E+00
PHANTOM;   6;       8; 2;    0.145760678074252E+01;    0.490644765119206E+00;    0.160000000000000E+01;   -0.138777878078145E-16;    0.138777878078145E-16;    0.788400803470189E+00;    0.792743991696899E+00
PHANTOM;   6;       8; 3;    0.995726565390815E+00;    0.718236473175624E+00;    0.160000000000000E+01;   -0.138777878078145E-16;   -0.867361737988404E-17;    0.788400803470189E+00;    0.792743991696899E+00
PHANTOM;   6;       8; 4;    0.143808542118889E+01;    0.708617313452554E+00;    0.160000000000000E+01;   -0.693889390390723E-17;   -0.867361737988404E-17;    0.788400803470189E+00;    0.792743991696899E+00
PHANTOM;   6;       5; 1;    0.730461486429481E+00;    0.361177796227466E+00;    0.160000000000000E+01;    0.416333634234434E-16;   -0.346944695195361E-16;    0.791122440676049E+00;    0.790016775994762E+00
PHANTOM;   6;       5; 2;    0.195726565390815E+00;    0.325154675866338E+00;    0.160000000000000E+01;    0.173472347597681E-16;   -0.381639164714898E-16;    0.791122440676049E+00;    0.790016775994762E+00
PHANTOM;   6;       5; 3;    0.657606780742519E+00;    0.967772988232009E-01;    0.160000000000000E+01;    0.416333634234434E-16;   -0.867361737988404E-17;    0.791122440676049E+00;    0.790016775994762E+00
PHANTOM;   6;       5; 4;    0.176205205837186E+00;    0.871249328135876E-01;    0.160000000000000E+01;    0.208166817117217E-16;   -0.104083408558608E-16;    0.791122440676049E+00;    0.790016775994762E+00
PHANTOM;   6;       6; 1;    0.730461486429481E+00;    0.528361639522354E+00;    0.160000000000000E+01;   -0.416333634234434E-16;   -0.346944695195361E-16;    0.791122440676049E+00;    0.790016775994762E+00
PHANTOM;   6;       6; 2;    0.657606780742519E+00;    0.720715896204362E+00;    0.160000000000000E+01;   -0.416333634234434E-16;   -0.433680868994202E-16;    0.791122440676049E+00;    0.790016775994762E+00
PHANTOM;   6;       6; 3;    0.195726565390815E+00;    0.492338519161226E+00;    0.160000000000000E+01;   -0.208166817117217E-16;   -0.381639164714898E-16;    0.791122440676049E+00;    0.790016775994762E+00
PHANTOM;   6;       6; 4;    0.176205205837186E+00;    0.711063530194749E+00;    0.160000000000000E+01;   -0.242861286636753E-16;   -0.451028103753970E-16;    0.791122440676049E+00;    0.790016775994762E+00
PHANTOM;   6;       7; 1;    0.145760678074252E+01;    0.325154675866338E+00;    0.160000000000000E+01;   -0.346944695195361E-16;    0.138777878078145E-16;    0.791122440676049E+00;    0.790016775994763E+00
PHANTOM;   6;       7; 2;    0.106858127107778E+01;    0.361177796227466E+00;    0.160000000000000E+01;    0.138777878078145E-15;    0.693889390390723E-17;    0.791122440676049E+00;    0.790016775994763E+00
PHANTOM;   6;       7; 3;    0.143808542118889E+01;    0.871249328135876E-01;    0.160000000000000E+01;   -0.312250225675825E-16;   -0.277555756156289E-16;    0.791122440676049E+00;    0.790016775994762E+00
PHANTOM;   6;       7; 4;    0.995726565390814E+00;    0.967772988232009E-01;    0.160000000000000E+01;    0.138777878078145E-15;   -0.294902990916057E-16;    0.791122440676049E+00;    0.790016775994762E+00
PHANTOM;   6;       8; 1;    0.106858127107778E+01;    0.528361639522354E+00;    0.160000000000000E+01;   -0.124900090270330E-15;    0.346944695195361E-16;    0.791122440676049E+00;    0.790016775994763E+00
PHANTOM;   6;       8; 2;    0.145760678074252E+01;    0.492338519161226E+00;    0.160000000000000E+01;   -0.312250225675825E-16;    0.416333634234434E-16;    0.791122440676049E+00;    0.790016775994762E+00
PHANTOM;   6;       8; 3;    0.995726565390815E+00;    0.720715896204362E+00;    0.160000000000000E+01;   -0.111022302462516E-15;    0.131838984174237E-15;    0.791122440676049E+00;    0.790016775994763E+00
PHANTOM;   6;       8; 4;    0.143808542118889E+01;    0.711063530194749E+00;    0.160000000000000E+01;   -0.312250225675825E-16;    0.135308431126191E-15;    0.791122440676049E+00;    0.790016775994762E+00
PHANTOM;   7;       5; 1;    0.776115329331324E+00;    0.349361946271790E+00;    0.170000000000000E+01;    0.555111512312578E-16;   -0.693889390390723E-16;    0.765241048870587E+00;    0.768692812527266E+00
PHANTOM;   7;       5; 2;    0.207959475727740E+00;    0.314517314149885E+00;    0.170000000000000E+01;    0.242861286636753E-16;   -0.763278329429795E-16;    0.765241048870588E+00;    0.768692812527266E+00
PHANTOM;   7;       5; 3;    0.698707204538926E+00;    0.936112513696903E-01;    0.170000000000000E+01;    0.693889390390723E-16;   -0.138777878078145E-16;    0.765241048870588E+00;    0.768692812527266E+00
PHANTOM;   7;       5; 4;    0.187218031202010E+00;    0.842746603320663E-01;    0.170000000000000E+01;    0.277555756156289E-16;   -0.190819582357449E-16;    0.765241048870588E+00;    0.768692812527266E+00
PHANTOM;   7;       6; 1;    0.776115329331324E+00;    0.511076407926890E+00;    0.170000000000000E+01;   -0.832667268468867E-16;   -0.971445146547012E-16;    0.765241048870588E+00;    0.768692812527266E+00
PHANTOM;   7;       6; 2;    0.698707204538926E+00;    0.697137838585178E+00;    0.170000000000000E+01;   -0.832667268468867E-16;   -0.128369537222284E-15;    0.765241048870587E+00;    0.768692812527266E+00
PHANTOM;   7;       6; 3;    0.207959475727740E+00;    0.476231775804984E+00;    0.170000000000000E+01;   -0.242861286636753E-16;   -0.971445146547012E-16;    0.765241048870588E+00;    0.768692812527266E+00
PHANTOM;   7;       6; 4;    0.187218031202010E+00;    0.687801247547554E+00;    0.170000000000000E+01;   -0.277555756156289E-16;   -0.130104260698261E-15;    0.765241048870587E+00;    0.768692812527266E+00
PHANTOM;   7;       7; 1;    0.154870720453893E+01;    0.314517314149885E+00;    0.170000000000000E+01;   -0.187350135405495E-15;    0.416333634234434E-16;    0.765241048870587E+00;    0.768692812527266E+00
PHANTOM;   7;       7; 2;    0.113536760052014E+01;    0.349361946271790E+00;    0.170000000000000E+01;    0.832667268468867E-16;    0.346944695195361E-16;    0.765241048870587E+00;    0.768692812527266E+00
PHANTOM;   7;       7; 3;    0.152796576001320E+01;    0.842746603320663E-01;    0.170000000000000E+01;   -0.187350135405495E-15;    0.208166817117217E-16;    0.765241048870588E+00;    0.768692812527266E+00
PHANTOM;   7;       7; 4;    0.105795947572774E+01;    0.936112513696903E-01;    0.170000000000000E+01;    0.971445146547012E-16;    0.208166817117217E-16;    0.765241048870587E+00;    0.768692812527266E+00
PHANTOM;   7;       8; 1;    0.113536760052014E+01;    0.511076407926890E+00;    0.170000000000000E+01;   -0.138777878078145E-15;    0.763278329429795E-16;    0.765241048870588E+00;    0.768692812527266E+00
PHANTOM;   7;       8; 2;    0.154870720453893E+01;    0.476231775804984E+00;    0.170000000000000E+01;    0.124900090270330E-15;    0.624500451351651E-16;    0.765241048870588E+00;    0.768692812527266E+00
PHANTOM;   7;       8; 3;    0.105795947572774E+01;    0.697137838585178E+00;    0.170000000000000E+01;   -0.832667268468867E-16;    0.832667268468867E-16;    0.765241048870588E+00;    0.768692812527266E+00
PHANTOM;   7;       8; 4;    0.152796576001320E+01;    0.687801247547554E+00;    0.170000000000000E+01;    0.131838984174237E-15;    0.815320033709099E-16;    0.765241048870588E+00;    0.768692812527266E+00
PHANTOM;   7;       5; 1;    0.776115329331324E+00;    0.350419146976425E+00;    0.170000000000000E+01;    0.138777878078145E-16;   -0.693889390390723E-17;    0.767556737183853E+00;    0.766373696719630E+00
PHANTOM;   7;       5; 2;    0.207959475727740E+00;    0.315469071860440E+00;    0.170000000000000E+01;    0.104083408558608E-16;   -0.693889390390723E-17;    0.767556737183853E+00;    0.766373696719630E+00
PHANTOM;   7;       5; 3;    0.698707204538926E+00;    0.938945274447347E-01;    0.170000000000000E+01;    0.277555756156289E-16;   -0.173472347597681E-17;    0.767556737183853E+00;    0.766373696719630E+00
PHANTOM;   7;       5; 4;    0.187218031202010E+00;    0.845296830419998E-01;    0.170000000000000E+01;    0.138777878078145E-16;   -0.346944695195361E-17;    0.767556737183853E+00;    0.766373696719630E+00
PHANTOM;   7;       6; 1;    0.776115329331324E+00;    0.512622971152645E+00;    0.170000000000000E+01;   -0.166533453693773E-15;    0.000000000000000E+00;    0.767556737183853E+00;    0.766373696719630E+00
PHANTOM;   7;       6; 2;    0.698707204538926E+00;    0.699247440452367E+00;    0.170000000000000E+01;   -0.194289029309402E-15;   -0.537764277552810E-16;    0.767556737183853E+00;    0.766373696719631E+00
PHANTOM;   7;       6; 3;    0.207959475727740E+00;    0.477672896036661E+00;    0.170000000000000E+01;   -0.485722573273506E-16;   -0.138777878078145E-16;    0.767556737183853E+00;    0.766373696719631E+00
PHANTOM;   7;       6; 4;    0.187218031202010E+00;    0.689882596049632E+00;    0.170000000000000E+01;   -0.555111512312578E-16;   -0.572458747072346E-16;    0.767556737183853E+00;    0.766373696719631E+00
PHANTOM;   7;       7; 1;    0.154870720453893E+01;    0.315469071860440E+00;    0.170000000000000E+01;    0.242861286636753E-16;    0.138777878078145E-16;    0.767556737183853E+00;    0.766373696719631E+00
PHANTOM;   7;       7; 2;    0.113536760052014E+01;    0.350419146976425E+00;    0.170000000000000E+01;    0.138777878078145E-15;    0.208166817117217E-16;    0.767556737183853E+00;    0.766373696719631E+00
PHANTOM;   7;       7; 3;    0.152796576001320E+01;    0.845296830419998E-01;    0.170000000000000E+01;    0.242861286636753E-16;    0.225514051876985E-16;    0.767556737183853E+00;    0.766373696719631E+00
PHANTOM;   7;       7; 4;    0.105795947572774E+01;    0.938945274447347E-01;    0.170000000000000E+01;    0.138777878078145E-15;    0.225514051876985E-16;    0.767556737183853E+00;    0.766373696719631E+00
PHANTOM;   7;       8; 1;    0.113536760052014E+01;    0.512622971152645E+00;    0.170000000000000E+01;   -0.360822483003176E-15;    0.346944695195361E-16;    0.767556737183853E+00;    0.766373696719631E+00
PHANTOM;   7;       8; 2;    0.154870720453893E+01;    0.477672896036661E+00;    0.170000000000000E+01;   -0.763278329429795E-16;    0.485722573273506E-16;    0.767556737183853E+00;    0.766373696719630E+00
PHANTOM;   7;       8; 3;    0.105795947572774E+01;    0.699247440452367E+00;    0.170000000000000E+01;   -0.360822483003176E-15;    0.109287578986539E-15;    0.767556737183853E+00;    0.766373696719631E+00
PHANTOM;   7;       8; 4;    0.152796576001320E+01;    0.689882596049632E+00;    0.170000000000000E+01;   -0.797972798949331E-16;    0.112757025938492E-15;    0.767556737183853E+00;    0.766373696719631E+00
PHANTOM;   8;       5; 1;    0.821769172233166E+00;    0.339660497725383E+00;    0.180000000000000E+01;    0.277555756156289E-16;    0.693889390390723E-17;    0.743991033691656E+00;    0.746723455521916E+00
PHANTOM;   8;       5; 2;    0.220192386064666E+00;    0.305783467854543E+00;    0.180000000000000E+01;   -0.208166817117217E-16;    0.693889390390723E-17;    0.743991033691656E+00;    0.746723455521916E+00
PHANTOM;   8;       5; 3;    0.739807628335333E+00;    0.910117560662685E-01;    0.180000000000000E+01;    0.416333634234434E-16;    0.693889390390723E-17;    0.743991033691656E+00;    0.746723455521916E+00
PHANTOM;   8;       5; 4;    0.198230856566834E+00;    0.819344332704119E-01;    0.180000000000000E+01;   -0.138777878078145E-16;    0.520417042793042E-17;    0.743991033691656E+00;    0.746723455521916E+00
PHANTOM;   8;       6; 1;    0.821769172233166E+00;    0.496884302782937E+00;    0.180000000000000E+01;   -0.166533453693773E-15;   -0.208166817117217E-16;    0.743991033691656E+00;    0.746723455521916E+00
PHANTOM;   8;       6; 2;    0.739807628335333E+00;    0.677778984700371E+00;    0.180000000000000E+01;   -0.222044604925031E-15;   -0.520417042793042E-17;    0.743991033691656E+00;    0.746723455521916E+00
PHANTOM;   8;       6; 3;    0.220192386064666E+00;    0.463007272912097E+00;    0.180000000000000E+01;   -0.416333634234434E-16;   -0.277555756156289E-16;    0.743991033691656E+00;    0.746723455521916E+00
PHANTOM;   8;       6; 4;    0.198230856566834E+00;    0.668701661904514E+00;    0.180000000000000E+01;   -0.555111512312578E-16;   -0.104083408558608E-16;    0.743991033691656E+00;    0.746723455521916E+00
PHANTOM;   8;       7; 1;    0.163980762833533E+01;    0.305783467854543E+00;    0.180000000000000E+01;   -0.340005801291454E-15;    0.485722573273506E-16;    0.743991033691656E+00;    0.746723455521916E+00
PHANTOM;   8;       7; 2;    0.120215392996250E+01;    0.339660497725383E+00;    0.180000000000000E+01;    0.416333634234434E-16;    0.485722573273506E-16;    0.743991033691656E+00;    0.746723455521916E+00
PHANTOM;   8;       7; 3;    0.161784609883750E+01;    0.819344332704119E-01;    0.180000000000000E+01;   -0.340005801291454E-15;    0.832667268468867E-16;    0.743991033691656E+00;    0.746723455521916E+00
PHANTOM;   8;       7; 4;    0.112019238606467E+01;    0.910117560662685E-01;    0.180000000000000E+01;    0.416333634234434E-16;    0.850014503228635E-16;    0.743991033691656E+00;    0.746723455521916E+00
PHANTOM;   8;       8; 1;    0.120215392996250E+01;    0.496884302782937E+00;    0.180000000000000E+01;   -0.111022302462516E-15;    0.693889390390723E-16;    0.743991033691656E+00;    0.746723455521916E+00
PHANTOM;   8;       8; 2;    0.163980762833533E+01;    0.463007272912097E+00;    0.180000000000000E+01;    0.104083408558608E-15;    0.555111512312578E-16;    0.743991033691656E+00;    0.746723455521916E+00
PHANTOM;   8;       8; 3;    0.112019238606467E+01;    0.677778984700371E+00;    0.180000000000000E+01;   -0.832667268468867E-16;    0.902056207507940E-16;    0.743991033691656E+00;    0.746723455521916E+00
PHANTOM;   8;       8; 4;    0.161784609883750E+01;    0.668701661904514E+00;    0.180000000000000E+01;    0.104083408558608E-15;    0.902056207507940E-16;    0.743991033691656E+00;    0.746723455521916E+00
PHANTOM;   8;       5; 1;    0.821769172233166E+00;    0.340568897797403E+00;    0.180000000000000E+01;    0.416333634234434E-16;   -0.693889390390723E-17;    0.745980789677746E+00;    0.744731718621800E+00
PHANTOM;   8;       5; 2;    0.220192386064666E+00;    0.306601265997340E+00;    0.180000000000000E+01;    0.138777878078145E-16;    0.000000000000000E+00;    0.745980789677746E+00;    0.744731718621800E+00
PHANTOM;   8;       5; 3;    0.739807628335333E+00;    0.912551611319705E-01;    0.180000000000000E+01;    0.555111512312578E-16;   -0.693889390390723E-17;    0.745980789677746E+00;    0.744731718621800E+00
PHANTOM;   8;       5; 4;    0.198230856566834E+00;    0.821535616223461E-01;    0.180000000000000E+01;    0.208166817117217E-16;   -0.693889390390723E-17;    0.745980789677746E+00;    0.744731718621800E+00
PHANTOM;   8;       6; 1;    0.821769172233166E+00;    0.498213187770906E+00;    0.180000000000000E+01;   -0.832667268468867E-16;    0.693889390390723E-17;    0.745980789677746E+00;    0.744731718621800E+00
PHANTOM;   8;       6; 2;    0.739807628335333E+00;    0.679591660836213E+00;    0.180000000000000E+01;   -0.832667268468867E-16;   -0.105818132034585E-15;    0.745980789677746E+00;    0.744731718621801E+00
PHANTOM;   8;       6; 3;    0.220192386064666E+00;    0.464245555970843E+00;    0.180000000000000E+01;   -0.485722573273506E-16;   -0.693889390390723E-17;    0.745980789677746E+00;    0.744731718621800E+00
PHANTOM;   8;       6; 4;    0.198230856566834E+00;    0.670490061326589E+00;    0.180000000000000E+01;   -0.555111512312578E-16;   -0.112757025938492E-15;    0.745980789677746E+00;    0.744731718621800E+00
PHANTOM;   8;       7; 1;    0.163980762833533E+01;    0.306601265997340E+00;    0.180000000000000E+01;   -0.131838984174237E-15;   -0.555111512312578E-16;    0.745980789677746E+00;    0.744731718621800E+00
PHANTOM;   8;       7; 2;    0.120215392996250E+01;    0.340568897797403E+00;    0.180000000000000E+01;   -0.138777878078145E-16;   -0.485722573273506E-16;    0.745980789677746E+00;    0.744731718621800E+00
PHANTOM;   8;       7; 3;    0.161784609883750E+01;    0.821535616223461E-01;    0.180000000000000E+01;   -0.124900090270330E-15;    0.693889390390723E-17;    0.745980789677746E+00;    0.744731718621800E+00
PHANTOM;   8;       7; 4;    0.112019238606467E+01;    0.912551611319705E-01;    0.180000000000000E+01;    0.000000000000000E+00;    0.104083408558608E-16;    0.745980789677746E+00;    0.744731718621800E+00
PHANTOM;   8;       8; 1;    0.120215392996250E+01;    0.498213187770906E+00;    0.180000000000000E+01;    0.277555756156289E-16;   -0.763278329429795E-16;    0.745980789677746E+00;    0.744731718621801E+00
PHANTOM;   8;       8; 2;    0.163980762833533E+01;    0.464245555970843E+00;    0.180000000000000E+01;    0.104083408558608E-15;   -0.693889390390723E-16;    0.745980789677746E+00;    0.744731718621800E+00
PHANTOM;   8;       8; 3;    0.112019238606467E+01;    0.679591660836213E+00;    0.180000000000000E+01;    0.277555756156289E-16;    0.312250225675825E-16;    0.745980789677746E+00;    0.744731718621800E+00
PHANTOM;   8;       8; 4;    0.161784609883750E+01;    0.670490061326589E+00;    0.180000000000000E+01;    0.104083408558608E-15;    0.346944695195361E-16;    0.745980789677746E+00;    0.744731718621800E+00
PHANTOM;   9;       5; 1;    0.867423015135009E+00;    0.330718648618381E+00;    0.190000000000000E+01;    0.555111512312578E-16;    0.000000000000000E+00;    0.724404842171639E+00;    0.726549242680213E+00
PHANTOM;   9;       5; 2;    0.232425296401592E+00;    0.297733460134240E+00;    0.190000000000000E+01;   -0.138777878078145E-16;   -0.693889390390723E-17;    0.724404842171639E+00;    0.726549242680213E+00
PHANTOM;   9;       5; 3;    0.780908052131741E+00;    0.886157948192063E-01;    0.190000000000000E+01;    0.693889390390723E-16;   -0.173472347597681E-17;    0.724404842171639E+00;    0.726549242680213E+00
PHANTOM;   9;       5; 4;    0.209243681931658E+00;    0.797774402026925E-01;    0.190000000000000E+01;   -0.693889390390723E-17;   -0.520417042793042E-17;    0.724404842171639E+00;    0.726549242680213E+00
PHANTOM;   9;       6; 1;    0.867423015135009E+00;    0.483803404389167E+00;    0.190000000000000E+01;   -0.194289029309402E-15;   -0.555111512312578E-16;    0.724404842171639E+00;    0.726549242680213E+00
PHANTOM;   9;       6; 2;    0.780908052131741E+00;    0.659935881220060E+00;    0.190000000000000E+01;   -0.249800180540660E-15;   -0.555111512312578E-16;    0.724404842171640E+00;    0.726549242680213E+00
PHANTOM;   9;       6; 3;    0.232425296401592E+00;    0.450818215905026E+00;    0.190000000000000E+01;   -0.208166817117217E-16;   -0.624500451351651E-16;    0.724404842171639E+00;    0.726549242680213E+00
PHANTOM;   9;       6; 4;    0.209243681931658E+00;    0.651097526603546E+00;    0.190000000000000E+01;   -0.277555756156289E-16;   -0.572458747072346E-16;    0.724404842171639E+00;    0.726549242680213E+00
PHANTOM;   9;       7; 1;    0.173090805213174E+01;    0.297733460134240E+00;    0.190000000000000E+01;   -0.485722573273506E-16;   -0.971445146547012E-16;    0.724404842171639E+00;    0.726549242680214E+00
PHANTOM;   9;       7; 2;    0.126894025940486E+01;    0.330718648618381E+00;    0.190000000000000E+01;    0.194289029309402E-15;   -0.832667268468867E-16;    0.724404842171639E+00;    0.726549242680214E+00
PHANTOM;   9;       7; 3;    0.170772643766181E+01;    0.797774402026925E-01;    0.190000000000000E+01;   -0.555111512312578E-16;   -0.346944695195361E-17;    0.724404842171639E+00;    0.726549242680213E+00
PHANTOM;   9;       7; 4;    0.118242529640159E+01;    0.886157948192063E-01;    0.190000000000000E+01;    0.180411241501588E-15;    0.000000000000000E+00;    0.724404842171639E+00;    0.726549242680213E+00
PHANTOM;   9;       8; 1;    0.126894025940486E+01;    0.483803404389167E+00;    0.190000000000000E+01;   -0.277555756156289E-15;   -0.173472347597681E-15;    0.724404842171639E+00;    0.726549242680214E+00
PHANTOM;   9;       8; 2;    0.173090805213174E+01;    0.450818215905026E+00;    0.190000000000000E+01;    0.485722573273506E-16;   -0.187350135405495E-15;    0.724404842171639E+00;    0.726549242680214E+00
PHANTOM;   9;       8; 3;    0.118242529640159E+01;    0.659935881220060E+00;    0.190000000000000E+01;   -0.249800180540660E-15;   -0.157859836313889E-15;    0.724404842171639E+00;    0.726549242680214E+00
PHANTOM;   9;       8; 4;    0.170772643766181E+01;    0.651097526603546E+00;    0.190000000000000E+01;    0.555111512312578E-16;   -0.159594559789866E-15;    0.724404842171639E+00;    0.726549242680213E+00
PHANTOM;   9;       5; 1;    0.867423015135009E+00;    0.331506009275793E+00;    0.190000000000000E+01;   -0.693889390390723E-16;    0.693889390390723E-17;    0.726129473894548E+00;    0.724823613963531E+00
PHANTOM;   9;       5; 2;    0.232425296401592E+00;    0.298442291081283E+00;    0.190000000000000E+01;   -0.485722573273506E-16;    0.693889390390723E-17;    0.726129473894548E+00;    0.724823613963531E+00
PHANTOM;   9;       5; 3;    0.780908052131741E+00;    0.888267674715119E-01;    0.190000000000000E+01;   -0.416333634234434E-16;    0.520417042793042E-17;    0.726129473894548E+00;    0.724823613963531E+00
PHANTOM;   9;       5; 4;    0.209243681931658E+00;    0.799673708825228E-01;    0.190000000000000E+01;   -0.416333634234434E-16;    0.520417042793042E-17;    0.726129473894548E+00;    0.724823613963531E+00
PHANTOM;   9;       6; 1;    0.867423015135009E+00;    0.484955222613296E+00;    0.190000000000000E+01;   -0.194289029309402E-15;    0.000000000000000E+00;    0.726129473894548E+00;    0.724823613963531E+00
PHANTOM;   9;       6; 2;    0.780908052131741E+00;    0.661507028028557E+00;    0.190000000000000E+01;   -0.249800180540660E-15;    0.329597460435593E-16;    0.726129473894548E+00;    0.724823613963532E+00
PHANTOM;   9;       6; 3;    0.232425296401592E+00;    0.451891504418786E+00;    0.190000000000000E+01;   -0.208166817117217E-16;    0.138777878078145E-16;    0.726129473894548E+00;    0.724823613963532E+00
PHANTOM;   9;       6; 4;    0.209243681931658E+00;    0.652647631439568E+00;    0.190000000000000E+01;   -0.277555756156289E-16;    0.346944695195361E-16;    0.726129473894548E+00;    0.724823613963531E+00
PHANTOM;   9;       7; 1;    0.173090805213174E+01;    0.298442291081283E+00;    0.190000000000000E+01;   -0.256739074444567E-15;    0.277555756156289E-16;    0.726129473894548E+00;    0.724823613963532E+00
PHANTOM;   9;       7; 2;    0.126894025940486E+01;    0.331506009275793E+00;    0.190000000000000E+01;    0.000000000000000E+00;    0.208166817117217E-16;    0.726129473894548E+00;    0.724823613963532E+00
PHANTOM;   9;       7; 3;    0.170772643766181E+01;    0.799673708825228E-01;    0.190000000000000E+01;   -0.256739074444567E-15;   -0.138777878078145E-16;    0.726129473894548E+00;    0.724823613963532E+00
PHANTOM;   9;       7; 4;    0.118242529640159E+01;    0.888267674715119E-01;    0.190000000000000E+01;   -0.138777878078145E-16;   -0.156125112837913E-16;    0.726129473894548E+00;    0.724823613963532E+00
PHANTOM;   9;       8; 1;    0.126894025940486E+01;    0.484955222613296E+00;    0.190000000000000E+01;   -0.222044604925031E-15;    0.145716771982052E-15;    0.726129473894548E+00;    0.724823613963532E+00
PHANTOM;   9;       8; 2;    0.173090805213174E+01;    0.451891504418786E+00;    0.190000000000000E+01;    0.346944695195361E-16;    0.173472347597681E-15;    0.726129473894549E+00;    0.724823613963531E+00
PHANTOM;   9;       8; 3;    0.118242529640159E+01;    0.661507028028557E+00;    0.190000000000000E+01;   -0.194289029309402E-15;    0.322658566531686E-15;    0.726129473894548E+00;    0.724823613963532E+00
PHANTOM;   9;       8; 4;    0.170772643766181E+01;    0.652647631439568E+00;    0.190000000000000E+01;    0.346944695195361E-16;    0.326128013483640E-15;    0.726129473894549E+00;    0.724823613963531E+00
PHANTOM;  10;       5; 1;    0.913076858036852E+00;    0.322443120754183E+00;    0.200000000000000E+01;   -0.138777878078145E-15;    0.624500451351651E-16;    0.706278158111350E+00;    0.707936376422915E+00
PHANTOM;  10;       5; 2;    0.244658206738518E+00;    0.290283316165225E+00;    0.200000000000000E+01;   -0.485722573273506E-16;    0.693889390390723E-16;    0.706278158111350E+00;    0.707936376422915E+00
PHANTOM;  10;       5; 3;    0.822008475928148E+00;    0.863983738110533E-01;    0.200000000000000E+01;   -0.166533453693773E-15;    0.208166817117217E-16;    0.706278158111350E+00;    0.707936376422915E+00
PHANTOM;  10;       5; 4;    0.220256507296483E+00;    0.777811801426994E-01;    0.200000000000000E+01;   -0.416333634234434E-16;    0.242861286636753E-16;    0.706278158111350E+00;    0.707936376422915E+00
PHANTOM;  10;       6; 1;    0.913076858036852E+00;    0.471697257455686E+00;    0.200000000000000E+01;   -0.194289029309402E-15;    0.117961196366423E-15;    0.706278158111350E+00;    0.707936376422915E+00
PHANTOM;  10;       6; 2;    0.822008475928148E+00;    0.643422395220900E+00;    0.200000000000000E+01;   -0.277555756156289E-15;    0.659194920871187E-16;    0.706278158111350E+00;    0.707936376422915E+00
PHANTOM;  10;       6; 3;    0.244658206738518E+00;    0.439537452866728E+00;    0.200000000000000E+01;   -0.416333634234434E-16;    0.104083408558608E-15;    0.706278158111350E+00;    0.707936376422915E+00
PHANTOM;  10;       6; 4;    0.220256507296482E+00;    0.634805201552547E+00;    0.200000000000000E+01;   -0.624500451351651E-16;    0.624500451351651E-16;    0.706278158111350E+00;    0.707936376422915E+00
PHANTOM;  10;       7; 1;    0.182200847592815E+01;    0.290283316165225E+00;    0.200000000000000E+01;   -0.166533453693773E-15;    0.485722573273506E-16;    0.706278158111350E+00;    0.707936376422915E+00
PHANTOM;  10;       7; 2;    0.133572658884722E+01;    0.322443120754183E+00;    0.200000000000000E+01;   -0.555111512312578E-16;    0.277555756156289E-16;    0.706278158111350E+00;    0.707936376422916E+00
PHANTOM;  10;       7; 3;    0.179760677648611E+01;    0.777811801426994E-01;    0.200000000000000E+01;   -0.166533453693773E-15;   -0.520417042793042E-16;    0.706278158111350E+00;    0.707936376422916E+00
PHANTOM;  10;       7; 4;    0.124465820673852E+01;    0.863983738110533E-01;    0.200000000000000E+01;   -0.555111512312578E-16;   -0.555111512312578E-16;    0.706278158111350E+00;    0.707936376422916E+00
PHANTOM;  10;       8; 1;    0.133572658884722E+01;    0.471697257455686E+00;    0.200000000000000E+01;   -0.277555756156289E-15;    0.201227923213310E-15;    0.706278158111350E+00;    0.707936376422915E+00
PHANTOM;  10;       8; 2;    0.182200847592815E+01;    0.439537452866729E+00;    0.200000000000000E+01;   -0.346944695195361E-16;    0.263677968348475E-15;    0.706278158111351E+00;    0.707936376422915E+00
PHANTOM;  10;       8; 3;    0.124465820673852E+01;    0.643422395220901E+00;    0.200000000000000E+01;   -0.249800180540660E-15;    0.487457296749483E-15;    0.706278158111350E+00;    0.707936376422915E+00
PHANTOM;  10;       8; 4;    0.179760677648611E+01;    0.634805201552547E+00;    0.200000000000000E+01;   -0.208166817117217E-16;    0.501335084557297E-15;    0.706278158111351E+00;    0.707936376422915E+00
PHANTOM;  10;       5; 1;    0.913076858036852E+00;    0.323130879428178E+00;    0.200000000000000E+01;   -0.138777878078145E-15;    0.763278329429795E-16;    0.707784622037013E+00;    0.706429589499972E+00
PHANTOM;  10;       5; 2;    0.244658206738518E+00;    0.290902479223013E+00;    0.200000000000000E+01;   -0.485722573273506E-16;    0.832667268468867E-16;    0.707784622037013E+00;    0.706429589499972E+00
PHANTOM;  10;       5; 3;    0.822008475928148E+00;    0.865826581923377E-01;    0.200000000000000E+01;   -0.166533453693773E-15;    0.156125112837913E-16;    0.707784622037013E+00;    0.706429589499972E+00
PHANTOM;  10;       5; 4;    0.220256507296483E+00;    0.779470843840167E-01;    0.200000000000000E+01;   -0.416333634234434E-16;    0.190819582357449E-16;    0.707784622037013E+00;    0.706429589499972E+00
PHANTOM;  10;       6; 1;    0.913076858036852E+00;    0.472703369416009E+00;    0.200000000000000E+01;    0.555111512312578E-16;    0.693889390390723E-16;    0.707784622037013E+00;    0.706429589499972E+00
PHANTOM;  10;       6; 2;    0.822008475928148E+00;    0.644794790241519E+00;    0.200000000000000E+01;    0.555111512312578E-16;    0.711236625150491E-16;    0.707784622037013E+00;    0.706429589499972E+00
PHANTOM;  10;       6; 3;    0.244658206738518E+00;    0.440474969210844E+00;    0.200000000000000E+01;    0.138777878078145E-16;    0.624500451351651E-16;    0.707784622037013E+00;    0.706429589499972E+00
PHANTOM;  10;       6; 4;    0.220256507296482E+00;    0.636159216433198E+00;    0.200000000000000E+01;    0.138777878078145E-16;    0.693889390390723E-16;    0.707784622037013E+00;    0.706429589499972E+00
PHANTOM;  10;       7; 1;    0.182200847592815E+01;    0.290902479223013E+00;    0.200000000000000E+01;   -0.187350135405495E-15;    0.117961196366423E-15;    0.707784622037013E+00;    0.706429589499972E+00
PHANTOM;  10;       7; 2;    0.133572658884722E+01;    0.323130879428178E+00;    0.200000000000000E+01;    0.277555756156289E-16;    0.902056207507940E-16;    0.707784622037013E+00;    0.706429589499973E+00
PHANTOM;  10;       7; 3;    0.179760677648611E+01;    0.779470843840167E-01;    0.200000000000000E+01;   -0.180411241501588E-15;   -0.242861286636753E-16;    0.707784622037013E+00;    0.706429589499972E+00
PHANTOM;  10;       7; 4;    0.124465820673852E+01;    0.865826581923377E-01;    0.200000000000000E+01;    0.832667268468867E-16;   -0.294902990916057E-16;    0.707784622037013E+00;    0.706429589499973E+00
PHANTOM;  10;       8; 1;    0.133572658884722E+01;    0.472703369416010E+00;    0.200000000000000E+01;   -0.111022302462516E-15;    0.166533453693773E-15;    0.707784622037013E+00;    0.706429589499973E+00
PHANTOM;  10;       8; 2;    0.182200847592815E+01;    0.440474969210844E+00;    0.200000000000000E+01;    0.346944695195361E-16;    0.187350135405495E-15;    0.707784622037013E+00;    0.706429589499972E+00
PHANTOM;  10;       8; 3;    0.124465820673852E+01;    0.644794790241519E+00;    0.200000000000000E+01;   -0.111022302462516E-15;    0.298372437868011E-15;    0.707784622037013E+00;    0.706429589499973E+00
PHANTOM;  10;       8; 4;    0.179760677648611E+01;    0.636159216433198E+00;    0.200000000000000E+01;    0.346944695195361E-16;    0.303576608295941E-15;    0.707784622037013E+00;    0.706429589499972E+00
4/16/2025 12:46:36 PM
End Abaqus/Standard Analysis
Abaqus JOB stena-4IU COMPLETED
