Abaqus JOB stena-4U_starman
Abaqus 6.12-2
Abaqus License Manager checked out the following licenses:
Abaqus/Standard checked out 5 tokens.
<1019 out of 1024 licenses remain available>.
Begin Compiling Abaqus/Standard User Subroutines
4/15/2025 9:55:22 AM
End Compiling Abaqus/Standard User Subroutines
4/15/2025 9:55:22 AM
Begin Linking Abaqus/Standard User Subroutines
4/15/2025 9:55:22 AM
   Creating library standardU.lib and object standardU.exp
End Linking Abaqus/Standard User Subroutines
4/15/2025 9:55:23 AM
Begin Analysis Input File Processor
4/15/2025 9:55:23 AM
Run pre.exe
4/15/2025 9:55:26 AM
End Analysis Input File Processor
Begin Abaqus/Standard Analysis
4/15/2025 9:55:26 AM
Run standard.exe
PHANTOM;   1;       5; 1;    0.105662432702593E+00;    0.105662432702593E+00;    0.100000000000000E+01;    0.000000000000000E+00;    0.000000000000000E+00;    0.100000000000000E+01;    0.100000000000000E+01
PHANTOM;   1;       5; 2;    0.394337567297408E+00;    0.105662432702593E+00;    0.100000000000000E+01;    0.000000000000000E+00;    0.000000000000000E+00;    0.100000000000000E+01;    0.100000000000000E+01
PHANTOM;   1;       5; 3;    0.105662432702593E+00;    0.394337567297408E+00;    0.100000000000000E+01;    0.000000000000000E+00;    0.000000000000000E+00;    0.100000000000000E+01;    0.100000000000000E+01
PHANTOM;   1;       5; 4;    0.394337567297408E+00;    0.394337567297408E+00;    0.100000000000000E+01;    0.000000000000000E+00;    0.000000000000000E+00;    0.100000000000000E+01;    0.100000000000000E+01
PHANTOM;   1;       6; 1;    0.605662432702593E+00;    0.105662432702593E+00;    0.100000000000000E+01;    0.000000000000000E+00;    0.000000000000000E+00;    0.100000000000000E+01;    0.100000000000000E+01
PHANTOM;   1;       6; 2;    0.894337567297407E+00;    0.105662432702593E+00;    0.100000000000000E+01;    0.000000000000000E+00;    0.000000000000000E+00;    0.100000000000000E+01;    0.100000000000000E+01
PHANTOM;   1;       6; 3;    0.605662432702593E+00;    0.394337567297408E+00;    0.100000000000000E+01;    0.000000000000000E+00;    0.000000000000000E+00;    0.100000000000000E+01;    0.100000000000000E+01
PHANTOM;   1;       6; 4;    0.894337567297408E+00;    0.394337567297408E+00;    0.100000000000000E+01;    0.000000000000000E+00;    0.000000000000000E+00;    0.100000000000000E+01;    0.100000000000000E+01
PHANTOM;   1;       7; 1;    0.105662432702593E+00;    0.605662432702593E+00;    0.100000000000000E+01;    0.000000000000000E+00;    0.000000000000000E+00;    0.100000000000000E+01;    0.100000000000000E+01
PHANTOM;   1;       7; 2;    0.394337567297408E+00;    0.605662432702593E+00;    0.100000000000000E+01;    0.000000000000000E+00;    0.000000000000000E+00;    0.100000000000000E+01;    0.100000000000000E+01
PHANTOM;   1;       7; 3;    0.105662432702593E+00;    0.894337567297408E+00;    0.100000000000000E+01;    0.000000000000000E+00;    0.000000000000000E+00;    0.100000000000000E+01;    0.100000000000000E+01
PHANTOM;   1;       7; 4;    0.394337567297408E+00;    0.894337567297407E+00;    0.100000000000000E+01;    0.000000000000000E+00;    0.000000000000000E+00;    0.100000000000000E+01;    0.100000000000000E+01
PHANTOM;   1;       8; 1;    0.605662432702593E+00;    0.605662432702593E+00;    0.100000000000000E+01;    0.000000000000000E+00;    0.000000000000000E+00;    0.100000000000000E+01;    0.100000000000000E+01
PHANTOM;   1;       8; 2;    0.894337567297407E+00;    0.605662432702593E+00;    0.100000000000000E+01;    0.000000000000000E+00;    0.000000000000000E+00;    0.100000000000000E+01;    0.100000000000000E+01
PHANTOM;   1;       8; 3;    0.605662432702593E+00;    0.894337567297408E+00;    0.100000000000000E+01;    0.000000000000000E+00;    0.000000000000000E+00;    0.100000000000000E+01;    0.100000000000000E+01
PHANTOM;   1;       8; 4;    0.894337567297408E+00;    0.894337567297407E+00;    0.100000000000000E+01;    0.000000000000000E+00;    0.000000000000000E+00;    0.100000000000000E+01;    0.100000000000000E+01
PHANTOM;   0;       5; 1;    0.105662432702593E+00;    0.105662432702593E+00;    0.100000000000000E+01;    0.000000000000000E+00;    0.000000000000000E+00;    0.100000000000000E+01;    0.100000000000000E+01
PHANTOM;   0;       5; 2;    0.394337567297408E+00;    0.105662432702593E+00;    0.100000000000000E+01;    0.000000000000000E+00;    0.000000000000000E+00;    0.100000000000000E+01;    0.100000000000000E+01
PHANTOM;   0;       5; 3;    0.105662432702593E+00;    0.394337567297408E+00;    0.100000000000000E+01;    0.000000000000000E+00;    0.000000000000000E+00;    0.100000000000000E+01;    0.100000000000000E+01
PHANTOM;   0;       5; 4;    0.394337567297408E+00;    0.394337567297408E+00;    0.100000000000000E+01;    0.000000000000000E+00;    0.000000000000000E+00;    0.100000000000000E+01;    0.100000000000000E+01
PHANTOM;   0;       6; 1;    0.605662432702593E+00;    0.105662432702593E+00;    0.100000000000000E+01;    0.000000000000000E+00;    0.000000000000000E+00;    0.100000000000000E+01;    0.100000000000000E+01
PHANTOM;   0;       6; 2;    0.894337567297407E+00;    0.105662432702593E+00;    0.100000000000000E+01;    0.000000000000000E+00;    0.000000000000000E+00;    0.100000000000000E+01;    0.100000000000000E+01
PHANTOM;   0;       6; 3;    0.605662432702593E+00;    0.394337567297408E+00;    0.100000000000000E+01;    0.000000000000000E+00;    0.000000000000000E+00;    0.100000000000000E+01;    0.100000000000000E+01
PHANTOM;   0;       6; 4;    0.894337567297408E+00;    0.394337567297408E+00;    0.100000000000000E+01;    0.000000000000000E+00;    0.000000000000000E+00;    0.100000000000000E+01;    0.100000000000000E+01
PHANTOM;   0;       7; 1;    0.105662432702593E+00;    0.605662432702593E+00;    0.100000000000000E+01;    0.000000000000000E+00;    0.000000000000000E+00;    0.100000000000000E+01;    0.100000000000000E+01
PHANTOM;   0;       7; 2;    0.394337567297408E+00;    0.605662432702593E+00;    0.100000000000000E+01;    0.000000000000000E+00;    0.000000000000000E+00;    0.100000000000000E+01;    0.100000000000000E+01
PHANTOM;   0;       7; 3;    0.105662432702593E+00;    0.894337567297408E+00;    0.100000000000000E+01;    0.000000000000000E+00;    0.000000000000000E+00;    0.100000000000000E+01;    0.100000000000000E+01
PHANTOM;   0;       7; 4;    0.394337567297408E+00;    0.894337567297407E+00;    0.100000000000000E+01;    0.000000000000000E+00;    0.000000000000000E+00;    0.100000000000000E+01;    0.100000000000000E+01
PHANTOM;   0;       8; 1;    0.605662432702593E+00;    0.605662432702593E+00;    0.100000000000000E+01;    0.000000000000000E+00;    0.000000000000000E+00;    0.100000000000000E+01;    0.100000000000000E+01
PHANTOM;   0;       8; 2;    0.894337567297407E+00;    0.605662432702593E+00;    0.100000000000000E+01;    0.000000000000000E+00;    0.000000000000000E+00;    0.100000000000000E+01;    0.100000000000000E+01
PHANTOM;   0;       8; 3;    0.605662432702593E+00;    0.894337567297408E+00;    0.100000000000000E+01;    0.000000000000000E+00;    0.000000000000000E+00;    0.100000000000000E+01;    0.100000000000000E+01
PHANTOM;   0;       8; 4;    0.894337567297408E+00;    0.894337567297407E+00;    0.100000000000000E+01;    0.000000000000000E+00;    0.000000000000000E+00;    0.100000000000000E+01;    0.100000000000000E+01
PHANTOM;   1;       5; 1;    0.105662432702593E+00;    0.105662432702593E+00;    0.100000000000000E+01;    0.000000000000000E+00;    0.000000000000000E+00;    0.100000000000000E+01;    0.100000000000000E+01
PHANTOM;   1;       5; 2;    0.394337567297408E+00;    0.105662432702593E+00;    0.100000000000000E+01;    0.000000000000000E+00;    0.000000000000000E+00;    0.100000000000000E+01;    0.100000000000000E+01
PHANTOM;   1;       5; 3;    0.105662432702593E+00;    0.394337567297408E+00;    0.100000000000000E+01;    0.000000000000000E+00;    0.000000000000000E+00;    0.100000000000000E+01;    0.100000000000000E+01
PHANTOM;   1;       5; 4;    0.394337567297408E+00;    0.394337567297408E+00;    0.100000000000000E+01;    0.000000000000000E+00;    0.000000000000000E+00;    0.100000000000000E+01;    0.100000000000000E+01
PHANTOM;   1;       6; 1;    0.605662432702593E+00;    0.105662432702593E+00;    0.100000000000000E+01;    0.000000000000000E+00;    0.000000000000000E+00;    0.100000000000000E+01;    0.100000000000000E+01
PHANTOM;   1;       6; 2;    0.894337567297407E+00;    0.105662432702593E+00;    0.100000000000000E+01;    0.000000000000000E+00;    0.000000000000000E+00;    0.100000000000000E+01;    0.100000000000000E+01
PHANTOM;   1;       6; 3;    0.605662432702593E+00;    0.394337567297408E+00;    0.100000000000000E+01;    0.000000000000000E+00;    0.000000000000000E+00;    0.100000000000000E+01;    0.100000000000000E+01
PHANTOM;   1;       6; 4;    0.894337567297408E+00;    0.394337567297408E+00;    0.100000000000000E+01;    0.000000000000000E+00;    0.000000000000000E+00;    0.100000000000000E+01;    0.100000000000000E+01
PHANTOM;   1;       7; 1;    0.105662432702593E+00;    0.605662432702593E+00;    0.100000000000000E+01;    0.000000000000000E+00;    0.000000000000000E+00;    0.100000000000000E+01;    0.100000000000000E+01
PHANTOM;   1;       7; 2;    0.394337567297408E+00;    0.605662432702593E+00;    0.100000000000000E+01;    0.000000000000000E+00;    0.000000000000000E+00;    0.100000000000000E+01;    0.100000000000000E+01
PHANTOM;   1;       7; 3;    0.105662432702593E+00;    0.894337567297408E+00;    0.100000000000000E+01;    0.000000000000000E+00;    0.000000000000000E+00;    0.100000000000000E+01;    0.100000000000000E+01
PHANTOM;   1;       7; 4;    0.394337567297408E+00;    0.894337567297407E+00;    0.100000000000000E+01;    0.000000000000000E+00;    0.000000000000000E+00;    0.100000000000000E+01;    0.100000000000000E+01
PHANTOM;   1;       8; 1;    0.605662432702593E+00;    0.605662432702593E+00;    0.100000000000000E+01;    0.000000000000000E+00;    0.000000000000000E+00;    0.100000000000000E+01;    0.100000000000000E+01
PHANTOM;   1;       8; 2;    0.894337567297407E+00;    0.605662432702593E+00;    0.100000000000000E+01;    0.000000000000000E+00;    0.000000000000000E+00;    0.100000000000000E+01;    0.100000000000000E+01
PHANTOM;   1;       8; 3;    0.605662432702593E+00;    0.894337567297408E+00;    0.100000000000000E+01;    0.000000000000000E+00;    0.000000000000000E+00;    0.100000000000000E+01;    0.100000000000000E+01
PHANTOM;   1;       8; 4;    0.894337567297408E+00;    0.894337567297407E+00;    0.100000000000000E+01;    0.000000000000000E+00;    0.000000000000000E+00;    0.100000000000000E+01;    0.100000000000000E+01
PHANTOM;   1;       5; 1;    0.116228675972852E+00;    0.102492559721515E+00;    0.110000000000000E+01;   -0.104083408558608E-16;    0.260208521396521E-17;    0.970000000000000E+00;    0.937207122774133E+00
PHANTOM;   1;       5; 2;    0.433771324027148E+00;    0.102492559721515E+00;    0.110000000000000E+01;   -0.416333634234434E-16;    0.260208521396521E-17;    0.970000000000000E+00;    0.937207122774133E+00
PHANTOM;   1;       5; 3;    0.116228675972852E+00;    0.382507440278485E+00;    0.110000000000000E+01;   -0.104083408558608E-16;    0.693889390390723E-17;    0.970000000000000E+00;    0.937207122774133E+00
PHANTOM;   1;       5; 4;    0.433771324027148E+00;    0.382507440278485E+00;    0.110000000000000E+01;   -0.416333634234434E-16;    0.693889390390723E-17;    0.970000000000000E+00;    0.937207122774133E+00
PHANTOM;   1;       6; 1;    0.666228675972852E+00;    0.102492559721515E+00;    0.110000000000000E+01;   -0.305311331771918E-16;    0.433680868994202E-16;    0.970000000000000E+00;    0.937207122774133E+00
PHANTOM;   1;       6; 2;    0.983771324027148E+00;    0.102492559721515E+00;    0.110000000000000E+01;   -0.145716771982052E-16;    0.433680868994202E-16;    0.970000000000000E+00;    0.937207122774133E+00
PHANTOM;   1;       6; 3;    0.666228675972852E+00;    0.382507440278485E+00;    0.110000000000000E+01;   -0.305311331771918E-16;    0.138777878078145E-16;    0.970000000000000E+00;    0.937207122774133E+00
PHANTOM;   1;       6; 4;    0.983771324027148E+00;    0.382507440278485E+00;    0.110000000000000E+01;   -0.145716771982052E-16;    0.138777878078145E-16;    0.970000000000000E+00;    0.937207122774133E+00
PHANTOM;   1;       7; 1;    0.116228675972852E+00;    0.587492559721515E+00;    0.110000000000000E+01;    0.173472347597681E-16;    0.173472347597681E-17;    0.970000000000000E+00;    0.937207122774133E+00
PHANTOM;   1;       7; 2;    0.433771324027148E+00;    0.587492559721515E+00;    0.110000000000000E+01;    0.555111512312578E-16;    0.173472347597681E-17;    0.970000000000000E+00;    0.937207122774133E+00
PHANTOM;   1;       7; 3;    0.116228675972852E+00;    0.867507440278485E+00;    0.110000000000000E+01;    0.173472347597681E-16;   -0.208166817117217E-16;    0.970000000000000E+00;    0.937207122774133E+00
PHANTOM;   1;       7; 4;    0.433771324027148E+00;    0.867507440278485E+00;    0.110000000000000E+01;    0.555111512312578E-16;   -0.208166817117217E-16;    0.970000000000000E+00;    0.937207122774133E+00
PHANTOM;   1;       8; 1;    0.666228675972852E+00;    0.587492559721515E+00;    0.110000000000000E+01;    0.666133814775094E-16;    0.346944695195361E-17;    0.970000000000000E+00;    0.937207122774133E+00
PHANTOM;   1;       8; 2;    0.983771324027148E+00;    0.587492559721515E+00;    0.110000000000000E+01;    0.277555756156289E-17;    0.346944695195361E-17;    0.970000000000000E+00;    0.937207122774133E+00
PHANTOM;   1;       8; 3;    0.666228675972852E+00;    0.867507440278485E+00;    0.110000000000000E+01;    0.666133814775094E-16;    0.000000000000000E+00;    0.970000000000000E+00;    0.937207122774133E+00
PHANTOM;   1;       8; 4;    0.983771324027148E+00;    0.867507440278485E+00;    0.110000000000000E+01;    0.277555756156289E-17;    0.000000000000000E+00;    0.970000000000000E+00;    0.937207122774133E+00
PHANTOM;   1;       5; 1;    0.116228675972852E+00;    0.100686492597575E+00;    0.110000000000000E+01;   -0.104083408558608E-16;   -0.520417042793042E-17;    0.952907197215279E+00;    0.954018304980363E+00
PHANTOM;   1;       5; 2;    0.433771324027148E+00;    0.100686492597575E+00;    0.110000000000000E+01;   -0.416333634234434E-16;   -0.520417042793042E-17;    0.952907197215279E+00;    0.954018304980363E+00
PHANTOM;   1;       5; 3;    0.116228675972852E+00;    0.375767106010064E+00;    0.110000000000000E+01;   -0.104083408558608E-16;   -0.138777878078145E-16;    0.952907197215279E+00;    0.954018304980363E+00
PHANTOM;   1;       5; 4;    0.433771324027148E+00;    0.375767106010064E+00;    0.110000000000000E+01;   -0.416333634234434E-16;   -0.138777878078145E-16;    0.952907197215279E+00;    0.954018304980363E+00
PHANTOM;   1;       6; 1;    0.666228675972852E+00;    0.100686492597575E+00;    0.110000000000000E+01;   -0.305311331771918E-16;    0.156125112837913E-16;    0.952907197215279E+00;    0.954018304980363E+00
PHANTOM;   1;       6; 2;    0.983771324027148E+00;    0.100686492597575E+00;    0.110000000000000E+01;   -0.180411241501588E-16;    0.156125112837913E-16;    0.952907197215279E+00;    0.954018304980363E+00
PHANTOM;   1;       6; 3;    0.666228675972852E+00;    0.375767106010064E+00;    0.110000000000000E+01;   -0.305311331771918E-16;    0.693889390390723E-17;    0.952907197215279E+00;    0.954018304980363E+00
PHANTOM;   1;       6; 4;    0.983771324027148E+00;    0.375767106010064E+00;    0.110000000000000E+01;   -0.180411241501588E-16;    0.693889390390723E-17;    0.952907197215279E+00;    0.954018304980363E+00
PHANTOM;   1;       7; 1;    0.116228675972852E+00;    0.577140091205215E+00;    0.110000000000000E+01;    0.138777878078145E-16;   -0.208166817117217E-16;    0.952907197215279E+00;    0.954018304980363E+00
PHANTOM;   1;       7; 2;    0.433771324027148E+00;    0.577140091205215E+00;    0.110000000000000E+01;    0.555111512312578E-16;   -0.208166817117217E-16;    0.952907197215279E+00;    0.954018304980363E+00
PHANTOM;   1;       7; 3;    0.116228675972852E+00;    0.852220704617703E+00;    0.110000000000000E+01;    0.138777878078145E-16;   -0.277555756156289E-16;    0.952907197215279E+00;    0.954018304980363E+00
PHANTOM;   1;       7; 4;    0.433771324027148E+00;    0.852220704617703E+00;    0.110000000000000E+01;    0.555111512312578E-16;   -0.277555756156289E-16;    0.952907197215279E+00;    0.954018304980363E+00
PHANTOM;   1;       8; 1;    0.666228675972852E+00;    0.577140091205215E+00;    0.110000000000000E+01;    0.666133814775094E-16;   -0.693889390390723E-17;    0.952907197215279E+00;    0.954018304980363E+00
PHANTOM;   1;       8; 2;    0.983771324027148E+00;    0.577140091205215E+00;    0.110000000000000E+01;   -0.416333634234434E-17;   -0.693889390390723E-17;    0.952907197215279E+00;    0.954018304980363E+00
PHANTOM;   1;       8; 3;    0.666228675972852E+00;    0.852220704617703E+00;    0.110000000000000E+01;    0.666133814775094E-16;   -0.138777878078145E-16;    0.952907197215279E+00;    0.954018304980363E+00
PHANTOM;   1;       8; 4;    0.983771324027148E+00;    0.852220704617703E+00;    0.110000000000000E+01;   -0.416333634234434E-17;   -0.138777878078145E-16;    0.952907197215279E+00;    0.954018304980363E+00
PHANTOM;   1;       5; 1;    0.116228675972852E+00;    0.100767347359811E+00;    0.110000000000000E+01;   -0.104083408558608E-16;   -0.693889390390723E-17;    0.953672414901140E+00;    0.953252809755589E+00
PHANTOM;   1;       5; 2;    0.433771324027148E+00;    0.100767347359811E+00;    0.110000000000000E+01;   -0.416333634234434E-16;   -0.693889390390723E-17;    0.953672414901140E+00;    0.953252809755589E+00
PHANTOM;   1;       5; 3;    0.116228675972852E+00;    0.376068860090759E+00;    0.110000000000000E+01;   -0.104083408558608E-16;   -0.208166817117217E-16;    0.953672414901140E+00;    0.953252809755589E+00
PHANTOM;   1;       5; 4;    0.433771324027148E+00;    0.376068860090759E+00;    0.110000000000000E+01;   -0.416333634234434E-16;   -0.208166817117217E-16;    0.953672414901140E+00;    0.953252809755589E+00
PHANTOM;   1;       6; 1;    0.666228675972852E+00;    0.100767347359811E+00;    0.110000000000000E+01;   -0.305311331771918E-16;    0.242861286636753E-16;    0.953672414901140E+00;    0.953252809755589E+00
PHANTOM;   1;       6; 2;    0.983771324027148E+00;    0.100767347359811E+00;    0.110000000000000E+01;   -0.249800180540660E-16;    0.242861286636753E-16;    0.953672414901140E+00;    0.953252809755589E+00
PHANTOM;   1;       6; 3;    0.666228675972852E+00;    0.376068860090759E+00;    0.110000000000000E+01;   -0.305311331771918E-16;    0.000000000000000E+00;    0.953672414901140E+00;    0.953252809755589E+00
PHANTOM;   1;       6; 4;    0.983771324027148E+00;    0.376068860090759E+00;    0.110000000000000E+01;   -0.249800180540660E-16;    0.000000000000000E+00;    0.953672414901140E+00;    0.953252809755589E+00
PHANTOM;   1;       7; 1;    0.116228675972852E+00;    0.577603554810381E+00;    0.110000000000000E+01;    0.138777878078145E-16;   -0.277555756156289E-16;    0.953672414901140E+00;    0.953252809755589E+00
PHANTOM;   1;       7; 2;    0.433771324027148E+00;    0.577603554810381E+00;    0.110000000000000E+01;    0.555111512312578E-16;   -0.277555756156289E-16;    0.953672414901140E+00;    0.953252809755589E+00
PHANTOM;   1;       7; 3;    0.116228675972852E+00;    0.852905067541329E+00;    0.110000000000000E+01;    0.138777878078145E-16;   -0.416333634234434E-16;    0.953672414901140E+00;    0.953252809755589E+00
PHANTOM;   1;       7; 4;    0.433771324027148E+00;    0.852905067541329E+00;    0.110000000000000E+01;    0.555111512312578E-16;   -0.416333634234434E-16;    0.953672414901140E+00;    0.953252809755589E+00
PHANTOM;   1;       8; 1;    0.666228675972852E+00;    0.577603554810381E+00;    0.110000000000000E+01;    0.666133814775094E-16;   -0.173472347597681E-16;    0.953672414901140E+00;    0.953252809755589E+00
PHANTOM;   1;       8; 2;    0.983771324027148E+00;    0.577603554810381E+00;    0.110000000000000E+01;    0.166533453693773E-16;   -0.173472347597681E-16;    0.953672414901140E+00;    0.953252809755589E+00
PHANTOM;   1;       8; 3;    0.666228675972852E+00;    0.852905067541329E+00;    0.110000000000000E+01;    0.666133814775094E-16;   -0.416333634234434E-16;    0.953672414901140E+00;    0.953252809755589E+00
PHANTOM;   1;       8; 4;    0.983771324027148E+00;    0.852905067541329E+00;    0.110000000000000E+01;    0.166533453693773E-16;   -0.416333634234434E-16;    0.953672414901140E+00;    0.953252809755589E+00
PHANTOM;   2;       5; 1;    0.126794919243111E+00;    0.958722620170286E-01;    0.120000000000000E+01;   -0.208166817117217E-16;   -0.138777878078145E-16;    0.907344829802279E+00;    0.918430684743006E+00
PHANTOM;   2;       5; 2;    0.473205080756889E+00;    0.958722620170286E-01;    0.120000000000000E+01;   -0.832667268468867E-16;   -0.138777878078145E-16;    0.907344829802279E+00;    0.918430684743006E+00
PHANTOM;   2;       5; 3;    0.126794919243111E+00;    0.357800152884111E+00;    0.120000000000000E+01;   -0.208166817117217E-16;   -0.416333634234434E-16;    0.907344829802279E+00;    0.918430684743006E+00
PHANTOM;   2;       5; 4;    0.473205080756889E+00;    0.357800152884111E+00;    0.120000000000000E+01;   -0.832667268468867E-16;   -0.416333634234434E-16;    0.907344829802279E+00;    0.918430684743006E+00
PHANTOM;   2;       6; 1;    0.726794919243111E+00;    0.958722620170286E-01;    0.120000000000000E+01;   -0.610622663543836E-16;    0.485722573273506E-16;    0.907344829802279E+00;    0.918430684743005E+00
PHANTOM;   2;       6; 2;    0.107320508075689E+01;    0.958722620170286E-01;    0.120000000000000E+01;   -0.499600361081321E-16;    0.485722573273506E-16;    0.907344829802279E+00;    0.918430684743005E+00
PHANTOM;   2;       6; 3;    0.726794919243111E+00;    0.357800152884111E+00;    0.120000000000000E+01;   -0.610622663543836E-16;    0.000000000000000E+00;    0.907344829802279E+00;    0.918430684743005E+00
PHANTOM;   2;       6; 4;    0.107320508075689E+01;    0.357800152884111E+00;    0.120000000000000E+01;   -0.499600361081321E-16;    0.000000000000000E+00;    0.907344829802279E+00;    0.918430684743005E+00
PHANTOM;   2;       7; 1;    0.126794919243111E+00;    0.549544676918168E+00;    0.120000000000000E+01;    0.277555756156289E-16;   -0.555111512312578E-16;    0.907344829802279E+00;    0.918430684743006E+00
PHANTOM;   2;       7; 2;    0.473205080756889E+00;    0.549544676918168E+00;    0.120000000000000E+01;    0.111022302462516E-15;   -0.555111512312578E-16;    0.907344829802279E+00;    0.918430684743006E+00
PHANTOM;   2;       7; 3;    0.126794919243111E+00;    0.811472567785251E+00;    0.120000000000000E+01;    0.277555756156289E-16;   -0.832667268468867E-16;    0.907344829802279E+00;    0.918430684743006E+00
PHANTOM;   2;       7; 4;    0.473205080756889E+00;    0.811472567785251E+00;    0.120000000000000E+01;    0.111022302462516E-15;   -0.832667268468867E-16;    0.907344829802279E+00;    0.918430684743006E+00
PHANTOM;   2;       8; 1;    0.726794919243111E+00;    0.549544676918168E+00;    0.120000000000000E+01;    0.133226762955019E-15;   -0.346944695195361E-16;    0.907344829802279E+00;    0.918430684743005E+00
PHANTOM;   2;       8; 2;    0.107320508075689E+01;    0.549544676918168E+00;    0.120000000000000E+01;    0.333066907387547E-16;   -0.346944695195361E-16;    0.907344829802279E+00;    0.918430684743005E+00
PHANTOM;   2;       8; 3;    0.726794919243111E+00;    0.811472567785251E+00;    0.120000000000000E+01;    0.133226762955019E-15;   -0.832667268468868E-16;    0.907344829802279E+00;    0.918430684743005E+00
PHANTOM;   2;       8; 4;    0.107320508075689E+01;    0.811472567785251E+00;    0.120000000000000E+01;    0.333066907387547E-16;   -0.832667268468868E-16;    0.907344829802279E+00;    0.918430684743005E+00
PHANTOM;   2;       5; 1;    0.126794919243111E+00;    0.964885484946622E-01;    0.120000000000000E+01;   -0.208166817117217E-16;   -0.693889390390723E-17;    0.913177427650639E+00;    0.912564533572930E+00
PHANTOM;   2;       5; 2;    0.473205080756889E+00;    0.964885484946622E-01;    0.120000000000000E+01;   -0.111022302462516E-15;   -0.693889390390723E-17;    0.913177427650639E+00;    0.912564533572930E+00
PHANTOM;   2;       5; 3;    0.126794919243111E+00;    0.360100165330657E+00;    0.120000000000000E+01;   -0.208166817117217E-16;   -0.277555756156289E-16;    0.913177427650639E+00;    0.912564533572930E+00
PHANTOM;   2;       5; 4;    0.473205080756889E+00;    0.360100165330657E+00;    0.120000000000000E+01;   -0.111022302462516E-15;   -0.277555756156289E-16;    0.913177427650639E+00;    0.912564533572930E+00
PHANTOM;   2;       6; 1;    0.726794919243111E+00;    0.964885484946622E-01;    0.120000000000000E+01;   -0.888178419700125E-16;    0.312250225675825E-16;    0.913177427650639E+00;    0.912564533572930E+00
PHANTOM;   2;       6; 2;    0.107320508075689E+01;    0.964885484946622E-01;    0.120000000000000E+01;   -0.291433543964104E-16;    0.312250225675825E-16;    0.913177427650639E+00;    0.912564533572930E+00
PHANTOM;   2;       6; 3;    0.726794919243111E+00;    0.360100165330657E+00;    0.120000000000000E+01;   -0.888178419700125E-16;    0.138777878078145E-16;    0.913177427650639E+00;    0.912564533572930E+00
PHANTOM;   2;       6; 4;    0.107320508075689E+01;    0.360100165330657E+00;    0.120000000000000E+01;   -0.291433543964104E-16;    0.138777878078145E-16;    0.913177427650639E+00;    0.912564533572930E+00
PHANTOM;   2;       7; 1;    0.126794919243111E+00;    0.553077262319982E+00;    0.120000000000000E+01;    0.208166817117217E-16;   -0.277555756156289E-16;    0.913177427650639E+00;    0.912564533572930E+00
PHANTOM;   2;       7; 2;    0.473205080756889E+00;    0.553077262319982E+00;    0.120000000000000E+01;    0.111022302462516E-15;   -0.277555756156289E-16;    0.913177427650639E+00;    0.912564533572930E+00
PHANTOM;   2;       7; 3;    0.126794919243111E+00;    0.816688879155977E+00;    0.120000000000000E+01;    0.208166817117217E-16;    0.000000000000000E+00;    0.913177427650639E+00;    0.912564533572930E+00
PHANTOM;   2;       7; 4;    0.473205080756889E+00;    0.816688879155977E+00;    0.120000000000000E+01;    0.111022302462516E-15;    0.000000000000000E+00;    0.913177427650639E+00;    0.912564533572930E+00
PHANTOM;   2;       8; 1;    0.726794919243111E+00;    0.553077262319982E+00;    0.120000000000000E+01;    0.133226762955019E-15;   -0.138777878078145E-16;    0.913177427650639E+00;    0.912564533572930E+00
PHANTOM;   2;       8; 2;    0.107320508075689E+01;    0.553077262319982E+00;    0.120000000000000E+01;   -0.832667268468869E-17;   -0.138777878078145E-16;    0.913177427650639E+00;    0.912564533572930E+00
PHANTOM;   2;       8; 3;    0.726794919243111E+00;    0.816688879155977E+00;    0.120000000000000E+01;    0.133226762955019E-15;   -0.555111512312578E-16;    0.913177427650639E+00;    0.912564533572930E+00
PHANTOM;   2;       8; 4;    0.107320508075689E+01;    0.816688879155977E+00;    0.120000000000000E+01;   -0.832667268468869E-17;   -0.555111512312578E-16;    0.913177427650639E+00;    0.912564533572930E+00
PHANTOM;   3;       5; 1;    0.137361162513370E+00;    0.922097496295139E-01;    0.130000000000000E+01;   -0.277555756156289E-16;   -0.693889390390723E-17;    0.872682440400139E+00;    0.881455537111604E+00
PHANTOM;   3;       5; 2;    0.512638837486630E+00;    0.922097496295139E-01;    0.130000000000000E+01;   -0.832667268468867E-16;   -0.693889390390723E-17;    0.872682440400139E+00;    0.881455537111604E+00
PHANTOM;   3;       5; 3;    0.137361162513370E+00;    0.344131470570556E+00;    0.130000000000000E+01;   -0.277555756156289E-16;   -0.138777878078145E-16;    0.872682440400139E+00;    0.881455537111604E+00
PHANTOM;   3;       5; 4;    0.512638837486630E+00;    0.344131470570556E+00;    0.130000000000000E+01;   -0.832667268468867E-16;   -0.138777878078145E-16;    0.872682440400139E+00;    0.881455537111604E+00
PHANTOM;   3;       6; 1;    0.787361162513370E+00;    0.922097496295139E-01;    0.130000000000000E+01;   -0.499600361081320E-16;    0.381639164714898E-16;    0.872682440400139E+00;    0.881455537111604E+00
PHANTOM;   3;       6; 2;    0.116263883748663E+01;    0.922097496295139E-01;    0.130000000000000E+01;   -0.610622663543836E-16;    0.381639164714898E-16;    0.872682440400139E+00;    0.881455537111604E+00
PHANTOM;   3;       6; 3;    0.787361162513370E+00;    0.344131470570556E+00;    0.130000000000000E+01;   -0.499600361081320E-16;    0.138777878078145E-16;    0.872682440400139E+00;    0.881455537111603E+00
PHANTOM;   3;       6; 4;    0.116263883748663E+01;    0.344131470570556E+00;    0.130000000000000E+01;   -0.610622663543836E-16;    0.138777878078145E-16;    0.872682440400139E+00;    0.881455537111603E+00
PHANTOM;   3;       7; 1;    0.137361162513370E+00;    0.528550969829583E+00;    0.130000000000000E+01;    0.277555756156289E-16;   -0.138777878078145E-16;    0.872682440400139E+00;    0.881455537111604E+00
PHANTOM;   3;       7; 2;    0.512638837486630E+00;    0.528550969829583E+00;    0.130000000000000E+01;    0.832667268468867E-16;   -0.138777878078145E-16;    0.872682440400139E+00;    0.881455537111604E+00
PHANTOM;   3;       7; 3;    0.137361162513370E+00;    0.780472690770625E+00;    0.130000000000000E+01;    0.277555756156289E-16;    0.000000000000000E+00;    0.872682440400139E+00;    0.881455537111604E+00
PHANTOM;   3;       7; 4;    0.512638837486630E+00;    0.780472690770625E+00;    0.130000000000000E+01;    0.832667268468867E-16;    0.000000000000000E+00;    0.872682440400139E+00;    0.881455537111604E+00
PHANTOM;   3;       8; 1;    0.787361162513370E+00;    0.528550969829583E+00;    0.130000000000000E+01;    0.144328993201270E-15;   -0.277555756156289E-16;    0.872682440400139E+00;    0.881455537111603E+00
PHANTOM;   3;       8; 2;    0.116263883748663E+01;    0.528550969829583E+00;    0.130000000000000E+01;   -0.333066907387547E-16;   -0.277555756156289E-16;    0.872682440400139E+00;    0.881455537111603E+00
PHANTOM;   3;       8; 3;    0.787361162513370E+00;    0.780472690770625E+00;    0.130000000000000E+01;    0.144328993201270E-15;   -0.832667268468868E-16;    0.872682440400139E+00;    0.881455537111604E+00
PHANTOM;   3;       8; 4;    0.116263883748663E+01;    0.780472690770625E+00;    0.130000000000000E+01;   -0.333066907387547E-16;   -0.832667268468868E-16;    0.872682440400139E+00;    0.881455537111604E+00
PHANTOM;   3;       5; 1;    0.137361162513370E+00;    0.927129434795223E-01;    0.130000000000000E+01;   -0.416333634234434E-16;    0.000000000000000E+00;    0.877444718128731E+00;    0.876671490907435E+00
PHANTOM;   3;       5; 2;    0.512638837486630E+00;    0.927129434795223E-01;    0.130000000000000E+01;   -0.138777878078145E-15;    0.000000000000000E+00;    0.877444718128731E+00;    0.876671490907435E+00
PHANTOM;   3;       5; 3;    0.137361162513370E+00;    0.346009415584843E+00;    0.130000000000000E+01;   -0.416333634234434E-16;    0.000000000000000E+00;    0.877444718128731E+00;    0.876671490907435E+00
PHANTOM;   3;       5; 4;    0.512638837486630E+00;    0.346009415584843E+00;    0.130000000000000E+01;   -0.138777878078145E-15;    0.000000000000000E+00;    0.877444718128731E+00;    0.876671490907435E+00
PHANTOM;   3;       6; 1;    0.787361162513371E+00;    0.927129434795223E-01;    0.130000000000000E+01;   -0.133226762955019E-15;    0.242861286636753E-16;    0.877444718128731E+00;    0.876671490907436E+00
PHANTOM;   3;       6; 2;    0.116263883748663E+01;    0.927129434795223E-01;    0.130000000000000E+01;   -0.471844785465691E-16;    0.242861286636753E-16;    0.877444718128731E+00;    0.876671490907436E+00
PHANTOM;   3;       6; 3;    0.787361162513370E+00;    0.346009415584843E+00;    0.130000000000000E+01;   -0.133226762955019E-15;    0.277555756156289E-16;    0.877444718128731E+00;    0.876671490907435E+00
PHANTOM;   3;       6; 4;    0.116263883748663E+01;    0.346009415584843E+00;    0.130000000000000E+01;   -0.471844785465692E-16;    0.277555756156289E-16;    0.877444718128731E+00;    0.876671490907435E+00
PHANTOM;   3;       7; 1;    0.137361162513370E+00;    0.531435302543888E+00;    0.130000000000000E+01;    0.277555756156289E-16;    0.138777878078145E-16;    0.877444718128731E+00;    0.876671490907435E+00
PHANTOM;   3;       7; 2;    0.512638837486630E+00;    0.531435302543888E+00;    0.130000000000000E+01;    0.111022302462516E-15;    0.138777878078145E-16;    0.877444718128731E+00;    0.876671490907435E+00
PHANTOM;   3;       7; 3;    0.137361162513370E+00;    0.784731774649209E+00;    0.130000000000000E+01;    0.277555756156289E-16;    0.555111512312578E-16;    0.877444718128731E+00;    0.876671490907435E+00
PHANTOM;   3;       7; 4;    0.512638837486630E+00;    0.784731774649209E+00;    0.130000000000000E+01;    0.111022302462516E-15;    0.555111512312578E-16;    0.877444718128731E+00;    0.876671490907435E+00
PHANTOM;   3;       8; 1;    0.787361162513370E+00;    0.531435302543888E+00;    0.130000000000000E+01;    0.144328993201270E-15;    0.277555756156289E-16;    0.877444718128731E+00;    0.876671490907435E+00
PHANTOM;   3;       8; 2;    0.116263883748663E+01;    0.531435302543888E+00;    0.130000000000000E+01;   -0.194289029309403E-16;    0.277555756156289E-16;    0.877444718128731E+00;    0.876671490907435E+00
PHANTOM;   3;       8; 3;    0.787361162513370E+00;    0.784731774649209E+00;    0.130000000000000E+01;    0.144328993201270E-15;   -0.277555756156289E-16;    0.877444718128731E+00;    0.876671490907435E+00
PHANTOM;   3;       8; 4;    0.116263883748663E+01;    0.784731774649209E+00;    0.130000000000000E+01;   -0.194289029309402E-16;   -0.277555756156289E-16;    0.877444718128731E+00;    0.876671490907435E+00
PHANTOM;   4;       5; 1;    0.147927405783630E+00;    0.889373384643824E-01;    0.140000000000000E+01;   -0.416333634234434E-16;    0.138777878078145E-16;    0.841712008606823E+00;    0.848610578180985E+00
PHANTOM;   4;       5; 2;    0.552072594216371E+00;    0.889373384643824E-01;    0.140000000000000E+01;   -0.166533453693773E-15;    0.138777878078145E-16;    0.841712008606823E+00;    0.848610578180985E+00
PHANTOM;   4;       5; 3;    0.147927405783630E+00;    0.331918665839029E+00;    0.140000000000000E+01;   -0.416333634234434E-16;    0.416333634234434E-16;    0.841712008606823E+00;    0.848610578180985E+00
PHANTOM;   4;       5; 4;    0.552072594216371E+00;    0.331918665839029E+00;    0.140000000000000E+01;   -0.166533453693773E-15;    0.416333634234434E-16;    0.841712008606823E+00;    0.848610578180985E+00
PHANTOM;   4;       6; 1;    0.847927405783630E+00;    0.889373384643824E-01;    0.140000000000000E+01;   -0.122124532708767E-15;    0.138777878078145E-16;    0.841712008606823E+00;    0.848610578180985E+00
PHANTOM;   4;       6; 2;    0.125207259421637E+01;    0.889373384643824E-01;    0.140000000000000E+01;   -0.113797860024079E-15;    0.138777878078145E-16;    0.841712008606823E+00;    0.848610578180985E+00
PHANTOM;   4;       6; 3;    0.847927405783630E+00;    0.331918665839029E+00;    0.140000000000000E+01;   -0.122124532708767E-15;    0.277555756156289E-16;    0.841712008606823E+00;    0.848610578180985E+00
PHANTOM;   4;       6; 4;    0.125207259421637E+01;    0.331918665839029E+00;    0.140000000000000E+01;   -0.113797860024079E-15;    0.277555756156289E-16;    0.841712008606823E+00;    0.848610578180985E+00
PHANTOM;   4;       7; 1;    0.147927405783630E+00;    0.509793342767794E+00;    0.140000000000000E+01;    0.138777878078145E-16;    0.832667268468867E-16;    0.841712008606823E+00;    0.848610578180985E+00
PHANTOM;   4;       7; 2;    0.552072594216371E+00;    0.509793342767794E+00;    0.140000000000000E+01;    0.111022302462516E-15;    0.832667268468867E-16;    0.841712008606823E+00;    0.848610578180985E+00
PHANTOM;   4;       7; 3;    0.147927405783630E+00;    0.752774670142441E+00;    0.140000000000000E+01;    0.138777878078145E-16;    0.166533453693773E-15;    0.841712008606823E+00;    0.848610578180985E+00
PHANTOM;   4;       7; 4;    0.552072594216371E+00;    0.752774670142441E+00;    0.140000000000000E+01;    0.111022302462516E-15;    0.166533453693773E-15;    0.841712008606823E+00;    0.848610578180985E+00
PHANTOM;   4;       8; 1;    0.847927405783630E+00;    0.509793342767794E+00;    0.140000000000000E+01;    0.155431223447522E-15;    0.416333634234434E-16;    0.841712008606823E+00;    0.848610578180985E+00
PHANTOM;   4;       8; 2;    0.125207259421637E+01;    0.509793342767794E+00;    0.140000000000000E+01;    0.111022302462516E-16;    0.416333634234434E-16;    0.841712008606823E+00;    0.848610578180985E+00
PHANTOM;   4;       8; 3;    0.847927405783630E+00;    0.752774670142441E+00;    0.140000000000000E+01;    0.155431223447522E-15;    0.555111512312578E-16;    0.841712008606823E+00;    0.848610578180985E+00
PHANTOM;   4;       8; 4;    0.125207259421637E+01;    0.752774670142441E+00;    0.140000000000000E+01;    0.111022302462516E-16;    0.555111512312578E-16;    0.841712008606823E+00;    0.848610578180985E+00
PHANTOM;   4;       5; 1;    0.147927405783630E+00;    0.893488780953368E-01;    0.140000000000000E+01;   -0.416333634234434E-16;    0.693889390390723E-17;    0.845606861492832E+00;    0.844701890219665E+00
PHANTOM;   4;       5; 2;    0.552072594216371E+00;    0.893488780953368E-01;    0.140000000000000E+01;   -0.166533453693773E-15;    0.693889390390723E-17;    0.845606861492832E+00;    0.844701890219665E+00
PHANTOM;   4;       5; 3;    0.147927405783630E+00;    0.333454552651079E+00;    0.140000000000000E+01;   -0.416333634234434E-16;    0.277555756156289E-16;    0.845606861492832E+00;    0.844701890219666E+00
PHANTOM;   4;       5; 4;    0.552072594216371E+00;    0.333454552651079E+00;    0.140000000000000E+01;   -0.166533453693773E-15;    0.277555756156289E-16;    0.845606861492832E+00;    0.844701890219666E+00
PHANTOM;   4;       6; 1;    0.847927405783630E+00;    0.893488780953368E-01;    0.140000000000000E+01;   -0.122124532708767E-15;    0.277555756156289E-16;    0.845606861492832E+00;    0.844701890219666E+00
PHANTOM;   4;       6; 2;    0.125207259421637E+01;    0.893488780953368E-01;    0.140000000000000E+01;   -0.127675647831893E-15;    0.277555756156289E-16;    0.845606861492832E+00;    0.844701890219666E+00
PHANTOM;   4;       6; 3;    0.847927405783630E+00;    0.333454552651079E+00;    0.140000000000000E+01;   -0.122124532708767E-15;    0.555111512312578E-16;    0.845606861492832E+00;    0.844701890219666E+00
PHANTOM;   4;       6; 4;    0.125207259421637E+01;    0.333454552651079E+00;    0.140000000000000E+01;   -0.127675647831893E-15;    0.555111512312578E-16;    0.845606861492832E+00;    0.844701890219666E+00
PHANTOM;   4;       7; 1;    0.147927405783630E+00;    0.512152308841753E+00;    0.140000000000000E+01;    0.277555756156289E-16;    0.555111512312578E-16;    0.845606861492832E+00;    0.844701890219666E+00
PHANTOM;   4;       7; 2;    0.552072594216371E+00;    0.512152308841753E+00;    0.140000000000000E+01;    0.555111512312578E-16;    0.555111512312578E-16;    0.845606861492832E+00;    0.844701890219666E+00
PHANTOM;   4;       7; 3;    0.147927405783630E+00;    0.756257983397495E+00;    0.140000000000000E+01;    0.277555756156289E-16;    0.111022302462516E-15;    0.845606861492832E+00;    0.844701890219666E+00
PHANTOM;   4;       7; 4;    0.552072594216371E+00;    0.756257983397495E+00;    0.140000000000000E+01;    0.555111512312578E-16;    0.111022302462516E-15;    0.845606861492832E+00;    0.844701890219666E+00
PHANTOM;   4;       8; 1;    0.847927405783630E+00;    0.512152308841753E+00;    0.140000000000000E+01;    0.999200722162641E-16;    0.555111512312578E-16;    0.845606861492832E+00;    0.844701890219666E+00
PHANTOM;   4;       8; 2;    0.125207259421637E+01;    0.512152308841753E+00;    0.140000000000000E+01;    0.111022302462516E-16;    0.555111512312578E-16;    0.845606861492832E+00;    0.844701890219666E+00
PHANTOM;   4;       8; 3;    0.847927405783630E+00;    0.756257983397495E+00;    0.140000000000000E+01;    0.999200722162641E-16;    0.277555756156289E-16;    0.845606861492832E+00;    0.844701890219666E+00
PHANTOM;   4;       8; 4;    0.125207259421637E+01;    0.756257983397495E+00;    0.140000000000000E+01;    0.111022302462516E-16;    0.277555756156289E-16;    0.845606861492832E+00;    0.844701890219666E+00
PHANTOM;   5;       5; 1;    0.158493649053889E+00;    0.859848127111514E-01;    0.150000000000000E+01;   -0.693889390390723E-16;    0.138777878078145E-16;    0.813769004856933E+00;    0.819233299238120E+00
PHANTOM;   5;       5; 2;    0.591506350946111E+00;    0.859848127111514E-01;    0.150000000000000E+01;   -0.277555756156289E-15;    0.138777878078145E-16;    0.813769004856933E+00;    0.819233299238120E+00
PHANTOM;   5;       5; 3;    0.158493649053889E+00;    0.320899689717315E+00;    0.150000000000000E+01;   -0.693889390390723E-16;    0.555111512312578E-16;    0.813769004856933E+00;    0.819233299238120E+00
PHANTOM;   5;       5; 4;    0.591506350946111E+00;    0.320899689717315E+00;    0.150000000000000E+01;   -0.277555756156289E-15;    0.555111512312578E-16;    0.813769004856933E+00;    0.819233299238120E+00
PHANTOM;   5;       6; 1;    0.908493649053889E+00;    0.859848127111514E-01;    0.150000000000000E+01;   -0.222044604925031E-15;    0.416333634234434E-16;    0.813769004856933E+00;    0.819233299238120E+00
PHANTOM;   5;       6; 2;    0.134150635094611E+01;    0.859848127111514E-01;    0.150000000000000E+01;   -0.111022302462516E-15;    0.416333634234434E-16;    0.813769004856933E+00;    0.819233299238120E+00
PHANTOM;   5;       6; 3;    0.908493649053889E+00;    0.320899689717315E+00;    0.150000000000000E+01;   -0.222044604925031E-15;    0.832667268468868E-16;    0.813769004856933E+00;    0.819233299238120E+00
PHANTOM;   5;       6; 4;    0.134150635094611E+01;    0.320899689717315E+00;    0.150000000000000E+01;   -0.111022302462516E-15;    0.832667268468868E-16;    0.813769004856933E+00;    0.819233299238120E+00
PHANTOM;   5;       7; 1;    0.158493649053889E+00;    0.492869315139618E+00;    0.150000000000000E+01;    0.277555756156289E-16;    0.111022302462516E-15;    0.813769004856933E+00;    0.819233299238120E+00
PHANTOM;   5;       7; 2;    0.591506350946111E+00;    0.492869315139618E+00;    0.150000000000000E+01;    0.111022302462516E-15;    0.111022302462516E-15;    0.813769004856933E+00;    0.819233299238120E+00
PHANTOM;   5;       7; 3;    0.158493649053889E+00;    0.727784192145781E+00;    0.150000000000000E+01;    0.277555756156289E-16;    0.166533453693773E-15;    0.813769004856933E+00;    0.819233299238120E+00
PHANTOM;   5;       7; 4;    0.591506350946111E+00;    0.727784192145781E+00;    0.150000000000000E+01;    0.111022302462516E-15;    0.166533453693773E-15;    0.813769004856933E+00;    0.819233299238120E+00
PHANTOM;   5;       8; 1;    0.908493649053889E+00;    0.492869315139618E+00;    0.150000000000000E+01;    0.111022302462516E-15;    0.971445146547012E-16;    0.813769004856933E+00;    0.819233299238120E+00
PHANTOM;   5;       8; 2;    0.134150635094611E+01;    0.492869315139618E+00;    0.150000000000000E+01;    0.277555756156289E-16;    0.971445146547012E-16;    0.813769004856933E+00;    0.819233299238120E+00
PHANTOM;   5;       8; 3;    0.908493649053889E+00;    0.727784192145781E+00;    0.150000000000000E+01;    0.111022302462516E-15;    0.111022302462516E-15;    0.813769004856933E+00;    0.819233299238120E+00
PHANTOM;   5;       8; 4;    0.134150635094611E+01;    0.727784192145782E+00;    0.150000000000000E+01;    0.277555756156289E-16;    0.111022302462516E-15;    0.813769004856933E+00;    0.819233299238120E+00
PHANTOM;   5;       5; 1;    0.158493649053889E+00;    0.863266124673378E-01;    0.150000000000000E+01;   -0.416333634234434E-16;    0.693889390390723E-17;    0.817003832481511E+00;    0.815989644310210E+00
PHANTOM;   5;       5; 2;    0.591506350946111E+00;    0.863266124673378E-01;    0.150000000000000E+01;   -0.166533453693773E-15;    0.693889390390723E-17;    0.817003832481511E+00;    0.815989644310210E+00
PHANTOM;   5;       5; 3;    0.158493649053889E+00;    0.322175303773418E+00;    0.150000000000000E+01;   -0.416333634234434E-16;    0.277555756156289E-16;    0.817003832481511E+00;    0.815989644310210E+00
PHANTOM;   5;       5; 4;    0.591506350946111E+00;    0.322175303773418E+00;    0.150000000000000E+01;   -0.166533453693773E-15;    0.277555756156289E-16;    0.817003832481511E+00;    0.815989644310210E+00
PHANTOM;   5;       6; 1;    0.908493649053889E+00;    0.863266124673378E-01;    0.150000000000000E+01;   -0.111022302462516E-15;    0.485722573273506E-16;    0.817003832481511E+00;    0.815989644310210E+00
PHANTOM;   5;       6; 2;    0.134150635094611E+01;    0.863266124673378E-01;    0.150000000000000E+01;   -0.111022302462516E-15;    0.485722573273506E-16;    0.817003832481511E+00;    0.815989644310210E+00
PHANTOM;   5;       6; 3;    0.908493649053889E+00;    0.322175303773418E+00;    0.150000000000000E+01;   -0.111022302462516E-15;    0.277555756156289E-16;    0.817003832481511E+00;    0.815989644310210E+00
PHANTOM;   5;       6; 4;    0.134150635094611E+01;    0.322175303773418E+00;    0.150000000000000E+01;   -0.111022302462516E-15;    0.277555756156289E-16;    0.817003832481511E+00;    0.815989644310210E+00
PHANTOM;   5;       7; 1;    0.158493649053889E+00;    0.494828528708093E+00;    0.150000000000000E+01;    0.277555756156289E-16;    0.555111512312578E-16;    0.817003832481511E+00;    0.815989644310210E+00
PHANTOM;   5;       7; 2;    0.591506350946111E+00;    0.494828528708093E+00;    0.150000000000000E+01;    0.111022302462516E-15;    0.555111512312578E-16;    0.817003832481511E+00;    0.815989644310210E+00
PHANTOM;   5;       7; 3;    0.158493649053889E+00;    0.730677220014173E+00;    0.150000000000000E+01;    0.277555756156289E-16;    0.555111512312578E-16;    0.817003832481511E+00;    0.815989644310210E+00
PHANTOM;   5;       7; 4;    0.591506350946111E+00;    0.730677220014173E+00;    0.150000000000000E+01;    0.111022302462516E-15;    0.555111512312578E-16;    0.817003832481511E+00;    0.815989644310210E+00
PHANTOM;   5;       8; 1;    0.908493649053889E+00;    0.494828528708093E+00;    0.150000000000000E+01;    0.111022302462516E-15;    0.277555756156289E-16;    0.817003832481511E+00;    0.815989644310210E+00
PHANTOM;   5;       8; 2;    0.134150635094611E+01;    0.494828528708093E+00;    0.150000000000000E+01;    0.277555756156289E-16;    0.277555756156289E-16;    0.817003832481511E+00;    0.815989644310210E+00
PHANTOM;   5;       8; 3;    0.908493649053889E+00;    0.730677220014173E+00;    0.150000000000000E+01;    0.111022302462516E-15;    0.000000000000000E+00;    0.817003832481511E+00;    0.815989644310210E+00
PHANTOM;   5;       8; 4;    0.134150635094611E+01;    0.730677220014173E+00;    0.150000000000000E+01;    0.277555756156289E-16;    0.000000000000000E+00;    0.817003832481511E+00;    0.815989644310210E+00
PHANTOM;   6;       5; 1;    0.169059892324148E+00;    0.833043468393388E-01;    0.160000000000000E+01;   -0.555111512312578E-16;    0.693889390390723E-17;    0.788400803470189E+00;    0.792743991696898E+00
PHANTOM;   6;       5; 2;    0.630940107675852E+00;    0.833043468393388E-01;    0.160000000000000E+01;   -0.222044604925031E-15;    0.693889390390723E-17;    0.788400803470189E+00;    0.792743991696898E+00
PHANTOM;   6;       5; 3;    0.169059892324148E+00;    0.310896054895756E+00;    0.160000000000000E+01;   -0.555111512312578E-16;    0.277555756156289E-16;    0.788400803470189E+00;    0.792743991696898E+00
PHANTOM;   6;       5; 4;    0.630940107675852E+00;    0.310896054895756E+00;    0.160000000000000E+01;   -0.222044604925031E-15;    0.277555756156289E-16;    0.788400803470189E+00;    0.792743991696898E+00
PHANTOM;   6;       6; 1;    0.969059892324148E+00;    0.833043468393388E-01;    0.160000000000000E+01;   -0.999200722162641E-16;    0.624500451351651E-16;    0.788400803470189E+00;    0.792743991696899E+00
PHANTOM;   6;       6; 2;    0.143094010767585E+01;    0.833043468393388E-01;    0.160000000000000E+01;   -0.943689570931383E-16;    0.624500451351651E-16;    0.788400803470189E+00;    0.792743991696899E+00
PHANTOM;   6;       6; 3;    0.969059892324148E+00;    0.310896054895756E+00;    0.160000000000000E+01;   -0.999200722162641E-16;    0.277555756156289E-16;    0.788400803470189E+00;    0.792743991696898E+00
PHANTOM;   6;       6; 4;    0.143094010767585E+01;    0.310896054895756E+00;    0.160000000000000E+01;   -0.943689570931383E-16;    0.277555756156289E-16;    0.788400803470189E+00;    0.792743991696898E+00
PHANTOM;   6;       7; 1;    0.169059892324148E+00;    0.477504748574434E+00;    0.160000000000000E+01;    0.277555756156289E-16;    0.555111512312578E-16;    0.788400803470189E+00;    0.792743991696898E+00
PHANTOM;   6;       7; 2;    0.630940107675852E+00;    0.477504748574434E+00;    0.160000000000000E+01;    0.111022302462516E-15;    0.555111512312578E-16;    0.788400803470189E+00;    0.792743991696898E+00
PHANTOM;   6;       7; 3;    0.169059892324148E+00;    0.705096456630851E+00;    0.160000000000000E+01;    0.277555756156289E-16;    0.555111512312578E-16;    0.788400803470189E+00;    0.792743991696898E+00
PHANTOM;   6;       7; 4;    0.630940107675852E+00;    0.705096456630851E+00;    0.160000000000000E+01;    0.111022302462516E-15;    0.555111512312578E-16;    0.788400803470189E+00;    0.792743991696898E+00
PHANTOM;   6;       8; 1;    0.969059892324148E+00;    0.477504748574434E+00;    0.160000000000000E+01;    0.233146835171283E-15;    0.000000000000000E+00;    0.788400803470189E+00;    0.792743991696898E+00
PHANTOM;   6;       8; 2;    0.143094010767585E+01;    0.477504748574434E+00;    0.160000000000000E+01;   -0.666133814775094E-16;    0.000000000000000E+00;    0.788400803470189E+00;    0.792743991696898E+00
PHANTOM;   6;       8; 3;    0.969059892324148E+00;    0.705096456630851E+00;    0.160000000000000E+01;    0.233146835171283E-15;    0.000000000000000E+00;    0.788400803470189E+00;    0.792743991696898E+00
PHANTOM;   6;       8; 4;    0.143094010767585E+01;    0.705096456630851E+00;    0.160000000000000E+01;   -0.666133814775094E-16;    0.000000000000000E+00;    0.788400803470189E+00;    0.792743991696898E+00
PHANTOM;   6;       5; 1;    0.169059892324148E+00;    0.835919216474438E-01;    0.160000000000000E+01;   -0.555111512312578E-16;    0.693889390390723E-17;    0.791122440676049E+00;    0.790016775994762E+00
PHANTOM;   6;       5; 2;    0.630940107675852E+00;    0.835919216474438E-01;    0.160000000000000E+01;   -0.222044604925031E-15;    0.693889390390723E-17;    0.791122440676049E+00;    0.790016775994762E+00
PHANTOM;   6;       5; 3;    0.169059892324148E+00;    0.311969298690581E+00;    0.160000000000000E+01;   -0.555111512312578E-16;    0.277555756156289E-16;    0.791122440676049E+00;    0.790016775994762E+00
PHANTOM;   6;       5; 4;    0.630940107675852E+00;    0.311969298690581E+00;    0.160000000000000E+01;   -0.222044604925031E-15;    0.277555756156289E-16;    0.791122440676049E+00;    0.790016775994762E+00
PHANTOM;   6;       6; 1;    0.969059892324148E+00;    0.835919216474438E-01;    0.160000000000000E+01;   -0.999200722162641E-16;    0.832667268468867E-16;    0.791122440676049E+00;    0.790016775994763E+00
PHANTOM;   6;       6; 2;    0.143094010767585E+01;    0.835919216474438E-01;    0.160000000000000E+01;   -0.943689570931383E-16;    0.832667268468867E-16;    0.791122440676049E+00;    0.790016775994763E+00
PHANTOM;   6;       6; 3;    0.969059892324148E+00;    0.311969298690581E+00;    0.160000000000000E+01;   -0.999200722162641E-16;    0.832667268468868E-16;    0.791122440676049E+00;    0.790016775994762E+00
PHANTOM;   6;       6; 4;    0.143094010767585E+01;    0.311969298690581E+00;    0.160000000000000E+01;   -0.943689570931383E-16;    0.832667268468868E-16;    0.791122440676049E+00;    0.790016775994762E+00
PHANTOM;   6;       7; 1;    0.169059892324148E+00;    0.479153141985468E+00;    0.160000000000000E+01;    0.277555756156289E-16;    0.416333634234434E-16;    0.791122440676049E+00;    0.790016775994762E+00
PHANTOM;   6;       7; 2;    0.630940107675852E+00;    0.479153141985468E+00;    0.160000000000000E+01;    0.111022302462516E-15;    0.416333634234434E-16;    0.791122440676049E+00;    0.790016775994762E+00
PHANTOM;   6;       7; 3;    0.169059892324148E+00;    0.707530519028605E+00;    0.160000000000000E+01;    0.277555756156289E-16;    0.111022302462516E-15;    0.791122440676049E+00;    0.790016775994762E+00
PHANTOM;   6;       7; 4;    0.630940107675852E+00;    0.707530519028605E+00;    0.160000000000000E+01;    0.111022302462516E-15;    0.111022302462516E-15;    0.791122440676049E+00;    0.790016775994762E+00
PHANTOM;   6;       8; 1;    0.969059892324148E+00;    0.479153141985468E+00;    0.160000000000000E+01;    0.233146835171283E-15;    0.693889390390723E-16;    0.791122440676049E+00;    0.790016775994762E+00
PHANTOM;   6;       8; 2;    0.143094010767585E+01;    0.479153141985468E+00;    0.160000000000000E+01;   -0.666133814775094E-16;    0.693889390390723E-16;    0.791122440676049E+00;    0.790016775994762E+00
PHANTOM;   6;       8; 3;    0.969059892324148E+00;    0.707530519028605E+00;    0.160000000000000E+01;    0.233146835171283E-15;    0.555111512312578E-16;    0.791122440676049E+00;    0.790016775994762E+00
PHANTOM;   6;       8; 4;    0.143094010767585E+01;    0.707530519028606E+00;    0.160000000000000E+01;   -0.666133814775094E-16;    0.555111512312578E-16;    0.791122440676049E+00;    0.790016775994762E+00
PHANTOM;   7;       5; 1;    0.179626135594407E+00;    0.808572308275498E-01;    0.170000000000000E+01;   -0.555111512312578E-16;    0.693889390390723E-17;    0.765241048870587E+00;    0.768692812527266E+00
PHANTOM;   7;       5; 2;    0.670373864405593E+00;    0.808572308275498E-01;    0.170000000000000E+01;   -0.222044604925031E-15;    0.693889390390723E-17;    0.765241048870588E+00;    0.768692812527266E+00
PHANTOM;   7;       5; 3;    0.179626135594407E+00;    0.301763293607744E+00;    0.170000000000000E+01;   -0.555111512312578E-16;    0.277555756156289E-16;    0.765241048870587E+00;    0.768692812527266E+00
PHANTOM;   7;       5; 4;    0.670373864405593E+00;    0.301763293607744E+00;    0.170000000000000E+01;   -0.222044604925031E-15;    0.277555756156289E-16;    0.765241048870588E+00;    0.768692812527266E+00
PHANTOM;   7;       6; 1;    0.102962613559441E+01;    0.808572308275498E-01;    0.170000000000000E+01;   -0.144328993201270E-15;    0.124900090270330E-15;    0.765241048870588E+00;    0.768692812527266E+00
PHANTOM;   7;       6; 2;    0.152037386440559E+01;    0.808572308275498E-01;    0.170000000000000E+01;   -0.777156117237609E-16;    0.124900090270330E-15;    0.765241048870587E+00;    0.768692812527266E+00
PHANTOM;   7;       6; 3;    0.102962613559441E+01;    0.301763293607744E+00;    0.170000000000000E+01;   -0.144328993201270E-15;    0.111022302462516E-15;    0.765241048870588E+00;    0.768692812527266E+00
PHANTOM;   7;       6; 4;    0.152037386440559E+01;    0.301763293607744E+00;    0.170000000000000E+01;   -0.777156117237610E-16;    0.111022302462516E-15;    0.765241048870587E+00;    0.768692812527266E+00
PHANTOM;   7;       7; 1;    0.179626135594407E+00;    0.463477755262844E+00;    0.170000000000000E+01;    0.277555756156289E-16;    0.555111512312578E-16;    0.765241048870588E+00;    0.768692812527266E+00
PHANTOM;   7;       7; 2;    0.670373864405593E+00;    0.463477755262844E+00;    0.170000000000000E+01;    0.111022302462516E-15;    0.555111512312578E-16;    0.765241048870588E+00;    0.768692812527266E+00
PHANTOM;   7;       7; 3;    0.179626135594407E+00;    0.684383818043038E+00;    0.170000000000000E+01;    0.277555756156289E-16;    0.555111512312578E-16;    0.765241048870588E+00;    0.768692812527266E+00
PHANTOM;   7;       7; 4;    0.670373864405593E+00;    0.684383818043038E+00;    0.170000000000000E+01;    0.111022302462516E-15;    0.555111512312578E-16;    0.765241048870588E+00;    0.768692812527266E+00
PHANTOM;   7;       8; 1;    0.102962613559441E+01;    0.463477755262844E+00;    0.170000000000000E+01;    0.188737914186277E-15;    0.971445146547012E-16;    0.765241048870588E+00;    0.768692812527266E+00
PHANTOM;   7;       8; 2;    0.152037386440559E+01;    0.463477755262844E+00;    0.170000000000000E+01;   -0.499600361081320E-16;    0.971445146547012E-16;    0.765241048870588E+00;    0.768692812527266E+00
PHANTOM;   7;       8; 3;    0.102962613559441E+01;    0.684383818043038E+00;    0.170000000000000E+01;    0.188737914186277E-15;    0.111022302462516E-15;    0.765241048870588E+00;    0.768692812527266E+00
PHANTOM;   7;       8; 4;    0.152037386440559E+01;    0.684383818043038E+00;    0.170000000000000E+01;   -0.499600361081320E-16;    0.111022302462516E-15;    0.765241048870588E+00;    0.768692812527266E+00
PHANTOM;   7;       5; 1;    0.179626135594407E+00;    0.811019120881103E-01;    0.170000000000000E+01;   -0.555111512312578E-16;   -0.693889390390723E-17;    0.767556737183853E+00;    0.766373696719631E+00
PHANTOM;   7;       5; 2;    0.670373864405593E+00;    0.811019120881103E-01;    0.170000000000000E+01;   -0.222044604925031E-15;   -0.693889390390723E-17;    0.767556737183853E+00;    0.766373696719631E+00
PHANTOM;   7;       5; 3;    0.179626135594407E+00;    0.302676456503816E+00;    0.170000000000000E+01;   -0.555111512312578E-16;   -0.277555756156289E-16;    0.767556737183853E+00;    0.766373696719631E+00
PHANTOM;   7;       5; 4;    0.670373864405593E+00;    0.302676456503816E+00;    0.170000000000000E+01;   -0.222044604925031E-15;   -0.277555756156289E-16;    0.767556737183853E+00;    0.766373696719631E+00
PHANTOM;   7;       6; 1;    0.102962613559441E+01;    0.811019120881103E-01;    0.170000000000000E+01;   -0.144328993201270E-15;    0.902056207507940E-16;    0.767556737183853E+00;    0.766373696719631E+00
PHANTOM;   7;       6; 2;    0.152037386440559E+01;    0.811019120881103E-01;    0.170000000000000E+01;   -0.777156117237610E-16;    0.902056207507940E-16;    0.767556737183853E+00;    0.766373696719631E+00
PHANTOM;   7;       6; 3;    0.102962613559441E+01;    0.302676456503816E+00;    0.170000000000000E+01;   -0.144328993201270E-15;    0.832667268468868E-16;    0.767556737183853E+00;    0.766373696719631E+00
PHANTOM;   7;       6; 4;    0.152037386440559E+01;    0.302676456503816E+00;    0.170000000000000E+01;   -0.777156117237610E-16;    0.832667268468868E-16;    0.767556737183853E+00;    0.766373696719631E+00
PHANTOM;   7;       7; 1;    0.179626135594407E+00;    0.464880280680037E+00;    0.170000000000000E+01;    0.555111512312578E-16;   -0.277555756156289E-16;    0.767556737183853E+00;    0.766373696719631E+00
PHANTOM;   7;       7; 2;    0.670373864405593E+00;    0.464880280680037E+00;    0.170000000000000E+01;    0.222044604925031E-15;   -0.277555756156289E-16;    0.767556737183853E+00;    0.766373696719631E+00
PHANTOM;   7;       7; 3;    0.179626135594407E+00;    0.686454825095742E+00;    0.170000000000000E+01;    0.555111512312578E-16;    0.000000000000000E+00;    0.767556737183853E+00;    0.766373696719631E+00
PHANTOM;   7;       7; 4;    0.670373864405593E+00;    0.686454825095742E+00;    0.170000000000000E+01;    0.222044604925031E-15;    0.000000000000000E+00;    0.767556737183853E+00;    0.766373696719630E+00
PHANTOM;   7;       8; 1;    0.102962613559441E+01;    0.464880280680037E+00;    0.170000000000000E+01;    0.299760216648792E-15;    0.416333634234434E-16;    0.767556737183853E+00;    0.766373696719631E+00
PHANTOM;   7;       8; 2;    0.152037386440559E+01;    0.464880280680037E+00;    0.170000000000000E+01;   -0.222044604925032E-16;    0.416333634234434E-16;    0.767556737183853E+00;    0.766373696719631E+00
PHANTOM;   7;       8; 3;    0.102962613559441E+01;    0.686454825095742E+00;    0.170000000000000E+01;    0.299760216648792E-15;   -0.555111512312578E-16;    0.767556737183853E+00;    0.766373696719631E+00
PHANTOM;   7;       8; 4;    0.152037386440559E+01;    0.686454825095742E+00;    0.170000000000000E+01;   -0.222044604925031E-16;   -0.555111512312578E-16;    0.767556737183853E+00;    0.766373696719631E+00
PHANTOM;   8;       5; 1;    0.190192378864667E+00;    0.786119025287769E-01;    0.180000000000000E+01;   -0.555111512312578E-16;   -0.138777878078145E-16;    0.743991033691656E+00;    0.746723455521916E+00
PHANTOM;   8;       5; 2;    0.709807621135334E+00;    0.786119025287768E-01;    0.180000000000000E+01;   -0.111022302462516E-15;   -0.138777878078145E-16;    0.743991033691656E+00;    0.746723455521916E+00
PHANTOM;   8;       5; 3;    0.190192378864667E+00;    0.293383614317051E+00;    0.180000000000000E+01;   -0.555111512312578E-16;   -0.277555756156289E-16;    0.743991033691656E+00;    0.746723455521916E+00
PHANTOM;   8;       5; 4;    0.709807621135333E+00;    0.293383614317051E+00;    0.180000000000000E+01;   -0.111022302462516E-15;   -0.277555756156289E-16;    0.743991033691656E+00;    0.746723455521916E+00
PHANTOM;   8;       6; 1;    0.109019237886467E+01;    0.786119025287769E-01;    0.180000000000000E+01;   -0.222044604925031E-16;    0.763278329429795E-16;    0.743991033691656E+00;    0.746723455521916E+00
PHANTOM;   8;       6; 2;    0.160980762113533E+01;    0.786119025287769E-01;    0.180000000000000E+01;   -0.610622663543836E-16;    0.763278329429795E-16;    0.743991033691656E+00;    0.746723455521916E+00
PHANTOM;   8;       6; 3;    0.109019237886467E+01;    0.293383614317051E+00;    0.180000000000000E+01;   -0.222044604925031E-16;    0.277555756156289E-16;    0.743991033691656E+00;    0.746723455521916E+00
PHANTOM;   8;       6; 4;    0.160980762113533E+01;    0.293383614317051E+00;    0.180000000000000E+01;   -0.610622663543837E-16;    0.277555756156289E-16;    0.743991033691656E+00;    0.746723455521916E+00
PHANTOM;   8;       7; 1;    0.190192378864667E+00;    0.450607419374605E+00;    0.180000000000000E+01;    0.832667268468867E-16;   -0.555111512312578E-16;    0.743991033691656E+00;    0.746723455521916E+00
PHANTOM;   8;       7; 2;    0.709807621135333E+00;    0.450607419374605E+00;    0.180000000000000E+01;    0.222044604925031E-15;   -0.555111512312578E-16;    0.743991033691656E+00;    0.746723455521916E+00
PHANTOM;   8;       7; 3;    0.190192378864667E+00;    0.665379131162879E+00;    0.180000000000000E+01;    0.832667268468867E-16;   -0.555111512312578E-16;    0.743991033691656E+00;    0.746723455521916E+00
PHANTOM;   8;       7; 4;    0.709807621135334E+00;    0.665379131162879E+00;    0.180000000000000E+01;    0.222044604925031E-15;   -0.555111512312578E-16;    0.743991033691656E+00;    0.746723455521916E+00
PHANTOM;   8;       8; 1;    0.109019237886467E+01;    0.450607419374605E+00;    0.180000000000000E+01;    0.421884749357560E-15;   -0.416333634234434E-16;    0.743991033691656E+00;    0.746723455521916E+00
PHANTOM;   8;       8; 2;    0.160980762113533E+01;    0.450607419374605E+00;    0.180000000000000E+01;    0.222044604925031E-16;   -0.416333634234434E-16;    0.743991033691656E+00;    0.746723455521916E+00
PHANTOM;   8;       8; 3;    0.109019237886467E+01;    0.665379131162879E+00;    0.180000000000000E+01;    0.421884749357560E-15;   -0.222044604925031E-15;    0.743991033691656E+00;    0.746723455521916E+00
PHANTOM;   8;       8; 4;    0.160980762113533E+01;    0.665379131162879E+00;    0.180000000000000E+01;    0.222044604925031E-16;   -0.222044604925031E-15;    0.743991033691656E+00;    0.746723455521916E+00
PHANTOM;   8;       5; 1;    0.190192378864667E+00;    0.788221449867517E-01;    0.180000000000000E+01;   -0.555111512312578E-16;   -0.693889390390723E-17;    0.745980789677746E+00;    0.744731718621800E+00
PHANTOM;   8;       5; 2;    0.709807621135333E+00;    0.788221449867517E-01;    0.180000000000000E+01;   -0.333066907387547E-15;   -0.693889390390723E-17;    0.745980789677746E+00;    0.744731718621800E+00
PHANTOM;   8;       5; 3;    0.190192378864667E+00;    0.294168249852121E+00;    0.180000000000000E+01;   -0.555111512312578E-16;   -0.555111512312578E-16;    0.745980789677746E+00;    0.744731718621800E+00
PHANTOM;   8;       5; 4;    0.709807621135333E+00;    0.294168249852121E+00;    0.180000000000000E+01;   -0.333066907387547E-15;   -0.555111512312578E-16;    0.745980789677746E+00;    0.744731718621800E+00
PHANTOM;   8;       6; 1;    0.109019237886467E+01;    0.788221449867517E-01;    0.180000000000000E+01;   -0.244249065417534E-15;    0.104083408558608E-15;    0.745980789677746E+00;    0.744731718621800E+00
PHANTOM;   8;       6; 2;    0.160980762113533E+01;    0.788221449867517E-01;    0.180000000000000E+01;   -0.116573417585641E-15;    0.104083408558608E-15;    0.745980789677746E+00;    0.744731718621800E+00
PHANTOM;   8;       6; 3;    0.109019237886467E+01;    0.294168249852121E+00;    0.180000000000000E+01;   -0.244249065417534E-15;    0.277555756156289E-16;    0.745980789677746E+00;    0.744731718621800E+00
PHANTOM;   8;       6; 4;    0.160980762113533E+01;    0.294168249852121E+00;    0.180000000000000E+01;   -0.116573417585642E-15;    0.277555756156289E-16;    0.745980789677746E+00;    0.744731718621800E+00
PHANTOM;   8;       7; 1;    0.190192378864667E+00;    0.451812539825625E+00;    0.180000000000000E+01;    0.555111512312578E-16;   -0.693889390390723E-16;    0.745980789677746E+00;    0.744731718621800E+00
PHANTOM;   8;       7; 2;    0.709807621135333E+00;    0.451812539825625E+00;    0.180000000000000E+01;    0.333066907387547E-15;   -0.693889390390723E-16;    0.745980789677746E+00;    0.744731718621800E+00
PHANTOM;   8;       7; 3;    0.190192378864667E+00;    0.667158644690995E+00;    0.180000000000000E+01;    0.555111512312578E-16;   -0.111022302462516E-15;    0.745980789677746E+00;    0.744731718621800E+00
PHANTOM;   8;       7; 4;    0.709807621135333E+00;    0.667158644690995E+00;    0.180000000000000E+01;    0.333066907387547E-15;   -0.111022302462516E-15;    0.745980789677746E+00;    0.744731718621800E+00
PHANTOM;   8;       8; 1;    0.109019237886467E+01;    0.451812539825625E+00;    0.180000000000000E+01;    0.421884749357560E-15;   -0.277555756156289E-16;    0.745980789677746E+00;    0.744731718621800E+00
PHANTOM;   8;       8; 2;    0.160980762113533E+01;    0.451812539825625E+00;    0.180000000000000E+01;   -0.610622663543837E-16;   -0.277555756156289E-16;    0.745980789677746E+00;    0.744731718621800E+00
PHANTOM;   8;       8; 3;    0.109019237886467E+01;    0.667158644690994E+00;    0.180000000000000E+01;    0.421884749357560E-15;   -0.111022302462516E-15;    0.745980789677746E+00;    0.744731718621800E+00
PHANTOM;   8;       8; 4;    0.160980762113533E+01;    0.667158644690994E+00;    0.180000000000000E+01;   -0.610622663543837E-16;   -0.111022302462516E-15;    0.745980789677746E+00;    0.744731718621800E+00
PHANTOM;   9;       5; 1;    0.200758622134926E+00;    0.765423778853930E-01;    0.190000000000000E+01;   -0.832667268468867E-16;   -0.277555756156289E-16;    0.724404842171640E+00;    0.726549242680214E+00
PHANTOM;   9;       5; 2;    0.749241377865074E+00;    0.765423778853930E-01;    0.190000000000000E+01;   -0.333066907387547E-15;   -0.277555756156289E-16;    0.724404842171640E+00;    0.726549242680214E+00
PHANTOM;   9;       5; 3;    0.200758622134926E+00;    0.285660043200427E+00;    0.190000000000000E+01;   -0.832667268468867E-16;   -0.111022302462516E-15;    0.724404842171640E+00;    0.726549242680214E+00
PHANTOM;   9;       5; 4;    0.749241377865074E+00;    0.285660043200427E+00;    0.190000000000000E+01;   -0.333066907387547E-15;   -0.111022302462516E-15;    0.724404842171640E+00;    0.726549242680214E+00
PHANTOM;   9;       6; 1;    0.115075862213493E+01;    0.765423778853930E-01;    0.190000000000000E+01;   -0.233146835171283E-15;    0.131838984174237E-15;    0.724404842171639E+00;    0.726549242680213E+00
PHANTOM;   9;       6; 2;    0.169924137786507E+01;    0.765423778853931E-01;    0.190000000000000E+01;   -0.183186799063151E-15;    0.131838984174237E-15;    0.724404842171639E+00;    0.726549242680213E+00
PHANTOM;   9;       6; 3;    0.115075862213493E+01;    0.285660043200427E+00;    0.190000000000000E+01;   -0.233146835171283E-15;    0.277555756156289E-16;    0.724404842171639E+00;    0.726549242680213E+00
PHANTOM;   9;       6; 4;    0.169924137786507E+01;    0.285660043200427E+00;    0.190000000000000E+01;   -0.183186799063151E-15;    0.277555756156289E-16;    0.724404842171639E+00;    0.726549242680213E+00
PHANTOM;   9;       7; 1;    0.200758622134926E+00;    0.438744798971213E+00;    0.190000000000000E+01;    0.832667268468867E-16;   -0.166533453693773E-15;    0.724404842171640E+00;    0.726549242680214E+00
PHANTOM;   9;       7; 2;    0.749241377865074E+00;    0.438744798971213E+00;    0.190000000000000E+01;    0.333066907387547E-15;   -0.166533453693773E-15;    0.724404842171640E+00;    0.726549242680214E+00
PHANTOM;   9;       7; 3;    0.200758622134926E+00;    0.647862464286247E+00;    0.190000000000000E+01;    0.832667268468867E-16;   -0.277555756156289E-15;    0.724404842171640E+00;    0.726549242680214E+00
PHANTOM;   9;       7; 4;    0.749241377865074E+00;    0.647862464286247E+00;    0.190000000000000E+01;    0.333066907387547E-15;   -0.277555756156289E-15;    0.724404842171640E+00;    0.726549242680214E+00
PHANTOM;   9;       8; 1;    0.115075862213493E+01;    0.438744798971213E+00;    0.190000000000000E+01;    0.544009282066327E-15;   -0.138777878078145E-16;    0.724404842171639E+00;    0.726549242680213E+00
PHANTOM;   9;       8; 2;    0.169924137786507E+01;    0.438744798971213E+00;    0.190000000000000E+01;   -0.999200722162642E-16;   -0.138777878078145E-16;    0.724404842171639E+00;    0.726549242680213E+00
PHANTOM;   9;       8; 3;    0.115075862213493E+01;    0.647862464286247E+00;    0.190000000000000E+01;    0.544009282066327E-15;   -0.555111512312578E-16;    0.724404842171639E+00;    0.726549242680213E+00
PHANTOM;   9;       8; 4;    0.169924137786507E+01;    0.647862464286246E+00;    0.190000000000000E+01;   -0.999200722162642E-16;   -0.555111512312578E-16;    0.724404842171639E+00;    0.726549242680213E+00
PHANTOM;   9;       5; 1;    0.200758622134926E+00;    0.767246066687516E-01;    0.190000000000000E+01;   -0.832667268468867E-16;   -0.138777878078145E-16;    0.726129473894548E+00;    0.724823613963531E+00
PHANTOM;   9;       5; 2;    0.749241377865074E+00;    0.767246066687516E-01;    0.190000000000000E+01;   -0.333066907387547E-15;   -0.138777878078145E-16;    0.726129473894548E+00;    0.724823613963531E+00
PHANTOM;   9;       5; 3;    0.200758622134926E+00;    0.286340130278523E+00;    0.190000000000000E+01;   -0.832667268468867E-16;   -0.555111512312578E-16;    0.726129473894548E+00;    0.724823613963532E+00
PHANTOM;   9;       5; 4;    0.749241377865074E+00;    0.286340130278523E+00;    0.190000000000000E+01;   -0.333066907387547E-15;   -0.555111512312578E-16;    0.726129473894548E+00;    0.724823613963532E+00
PHANTOM;   9;       6; 1;    0.115075862213493E+01;    0.767246066687516E-01;    0.190000000000000E+01;   -0.233146835171283E-15;    0.763278329429795E-16;    0.726129473894548E+00;    0.724823613963532E+00
PHANTOM;   9;       6; 2;    0.169924137786507E+01;    0.767246066687516E-01;    0.190000000000000E+01;   -0.127675647831893E-15;    0.763278329429795E-16;    0.726129473894548E+00;    0.724823613963532E+00
PHANTOM;   9;       6; 3;    0.115075862213493E+01;    0.286340130278523E+00;    0.190000000000000E+01;   -0.233146835171283E-15;    0.000000000000000E+00;    0.726129473894548E+00;    0.724823613963531E+00
PHANTOM;   9;       6; 4;    0.169924137786507E+01;    0.286340130278522E+00;    0.190000000000000E+01;   -0.127675647831893E-15;    0.000000000000000E+00;    0.726129473894548E+00;    0.724823613963531E+00
PHANTOM;   9;       7; 1;    0.200758622134926E+00;    0.439789343616026E+00;    0.190000000000000E+01;    0.555111512312578E-16;   -0.832667268468867E-16;    0.726129473894548E+00;    0.724823613963532E+00
PHANTOM;   9;       7; 2;    0.749241377865074E+00;    0.439789343616026E+00;    0.190000000000000E+01;    0.333066907387547E-15;   -0.832667268468867E-16;    0.726129473894548E+00;    0.724823613963532E+00
PHANTOM;   9;       7; 3;    0.200758622134926E+00;    0.649404867225797E+00;    0.190000000000000E+01;    0.555111512312578E-16;   -0.111022302462516E-15;    0.726129473894548E+00;    0.724823613963531E+00
PHANTOM;   9;       7; 4;    0.749241377865074E+00;    0.649404867225797E+00;    0.190000000000000E+01;    0.333066907387547E-15;   -0.111022302462516E-15;    0.726129473894548E+00;    0.724823613963531E+00
PHANTOM;   9;       8; 1;    0.115075862213493E+01;    0.439789343616026E+00;    0.190000000000000E+01;    0.544009282066327E-15;   -0.555111512312578E-16;    0.726129473894548E+00;    0.724823613963531E+00
PHANTOM;   9;       8; 2;    0.169924137786507E+01;    0.439789343616026E+00;    0.190000000000000E+01;   -0.721644966006352E-16;   -0.555111512312578E-16;    0.726129473894548E+00;    0.724823613963531E+00
PHANTOM;   9;       8; 3;    0.115075862213493E+01;    0.649404867225797E+00;    0.190000000000000E+01;    0.544009282066327E-15;   -0.555111512312578E-16;    0.726129473894548E+00;    0.724823613963531E+00
PHANTOM;   9;       8; 4;    0.169924137786507E+01;    0.649404867225797E+00;    0.190000000000000E+01;   -0.721644966006352E-16;   -0.555111512312578E-16;    0.726129473894548E+00;    0.724823613963531E+00
PHANTOM;  10;       5; 1;    0.211324865405185E+00;    0.746270683507516E-01;    0.200000000000000E+01;   -0.111022302462516E-15;   -0.693889390390723E-17;    0.706278158111350E+00;    0.707936376422915E+00
PHANTOM;  10;       5; 2;    0.788675134594815E+00;    0.746270683507515E-01;    0.200000000000000E+01;   -0.444089209850063E-15;   -0.693889390390723E-17;    0.706278158111350E+00;    0.707936376422915E+00
PHANTOM;  10;       5; 3;    0.211324865405185E+00;    0.278512010704924E+00;    0.200000000000000E+01;   -0.111022302462516E-15;   -0.277555756156289E-16;    0.706278158111350E+00;    0.707936376422915E+00
PHANTOM;  10;       5; 4;    0.788675134594815E+00;    0.278512010704924E+00;    0.200000000000000E+01;   -0.444089209850063E-15;   -0.277555756156289E-16;    0.706278158111350E+00;    0.707936376422915E+00
PHANTOM;  10;       6; 1;    0.121132486540518E+01;    0.746270683507516E-01;    0.200000000000000E+01;   -0.222044604925031E-15;    0.485722573273506E-16;    0.706278158111350E+00;    0.707936376422915E+00
PHANTOM;  10;       6; 2;    0.178867513459481E+01;    0.746270683507516E-01;    0.200000000000000E+01;   -0.138777878078145E-15;    0.485722573273506E-16;    0.706278158111350E+00;    0.707936376422915E+00
PHANTOM;  10;       6; 3;    0.121132486540518E+01;    0.278512010704924E+00;    0.200000000000000E+01;   -0.222044604925031E-15;   -0.555111512312578E-16;    0.706278158111350E+00;    0.707936376422915E+00
PHANTOM;  10;       6; 4;    0.178867513459481E+01;    0.278512010704924E+00;    0.200000000000000E+01;   -0.138777878078145E-15;   -0.555111512312578E-16;    0.706278158111350E+00;    0.707936376422915E+00
PHANTOM;  10;       7; 1;    0.211324865405185E+00;    0.427766147406427E+00;    0.200000000000000E+01;    0.555111512312578E-16;   -0.416333634234434E-16;    0.706278158111350E+00;    0.707936376422915E+00
PHANTOM;  10;       7; 2;    0.788675134594815E+00;    0.427766147406427E+00;    0.200000000000000E+01;    0.333066907387547E-15;   -0.416333634234434E-16;    0.706278158111350E+00;    0.707936376422915E+00
PHANTOM;  10;       7; 3;    0.211324865405185E+00;    0.631651089760599E+00;    0.200000000000000E+01;    0.555111512312578E-16;   -0.555111512312578E-16;    0.706278158111350E+00;    0.707936376422915E+00
PHANTOM;  10;       7; 4;    0.788675134594815E+00;    0.631651089760599E+00;    0.200000000000000E+01;    0.333066907387547E-15;   -0.555111512312578E-16;    0.706278158111350E+00;    0.707936376422915E+00
PHANTOM;  10;       8; 1;    0.121132486540518E+01;    0.427766147406427E+00;    0.200000000000000E+01;    0.555111512312578E-15;   -0.111022302462516E-15;    0.706278158111350E+00;    0.707936376422915E+00
PHANTOM;  10;       8; 2;    0.178867513459481E+01;    0.427766147406427E+00;    0.200000000000000E+01;   -0.832667268468868E-16;   -0.111022302462516E-15;    0.706278158111350E+00;    0.707936376422915E+00
PHANTOM;  10;       8; 3;    0.121132486540518E+01;    0.631651089760599E+00;    0.200000000000000E+01;    0.555111512312578E-15;   -0.166533453693774E-15;    0.706278158111350E+00;    0.707936376422915E+00
PHANTOM;  10;       8; 4;    0.178867513459481E+01;    0.631651089760599E+00;    0.200000000000000E+01;   -0.832667268468867E-16;   -0.166533453693774E-15;    0.706278158111350E+00;    0.707936376422915E+00
PHANTOM;  10;       5; 1;    0.211324865405185E+00;    0.747862449939157E-01;    0.200000000000000E+01;   -0.832667268468867E-16;   -0.138777878078145E-16;    0.707784622037013E+00;    0.706429589499972E+00
PHANTOM;  10;       5; 2;    0.788675134594815E+00;    0.747862449939157E-01;    0.200000000000000E+01;   -0.333066907387547E-15;   -0.138777878078145E-16;    0.707784622037013E+00;    0.706429589499972E+00
PHANTOM;  10;       5; 3;    0.211324865405185E+00;    0.279106066024591E+00;    0.200000000000000E+01;   -0.832667268468867E-16;   -0.555111512312578E-16;    0.707784622037013E+00;    0.706429589499972E+00
PHANTOM;  10;       5; 4;    0.788675134594815E+00;    0.279106066024591E+00;    0.200000000000000E+01;   -0.333066907387547E-15;   -0.555111512312578E-16;    0.707784622037013E+00;    0.706429589499972E+00
PHANTOM;  10;       6; 1;    0.121132486540519E+01;    0.747862449939158E-01;    0.200000000000000E+01;   -0.222044604925031E-15;    0.124900090270330E-15;    0.707784622037013E+00;    0.706429589499972E+00
PHANTOM;  10;       6; 2;    0.178867513459481E+01;    0.747862449939158E-01;    0.200000000000000E+01;   -0.111022302462516E-15;    0.124900090270330E-15;    0.707784622037013E+00;    0.706429589499972E+00
PHANTOM;  10;       6; 3;    0.121132486540518E+01;    0.279106066024591E+00;    0.200000000000000E+01;   -0.222044604925031E-15;    0.832667268468868E-16;    0.707784622037013E+00;    0.706429589499972E+00
PHANTOM;  10;       6; 4;    0.178867513459482E+01;    0.279106066024591E+00;    0.200000000000000E+01;   -0.111022302462516E-15;    0.832667268468868E-16;    0.707784622037013E+00;    0.706429589499972E+00
PHANTOM;  10;       7; 1;    0.211324865405185E+00;    0.428678556012422E+00;    0.200000000000000E+01;    0.555111512312578E-16;   -0.832667268468867E-16;    0.707784622037013E+00;    0.706429589499972E+00
PHANTOM;  10;       7; 2;    0.788675134594815E+00;    0.428678556012422E+00;    0.200000000000000E+01;    0.222044604925031E-15;   -0.832667268468867E-16;    0.707784622037013E+00;    0.706429589499972E+00
PHANTOM;  10;       7; 3;    0.211324865405185E+00;    0.632998377043097E+00;    0.200000000000000E+01;    0.555111512312578E-16;   -0.111022302462516E-15;    0.707784622037013E+00;    0.706429589499972E+00
PHANTOM;  10;       7; 4;    0.788675134594815E+00;    0.632998377043097E+00;    0.200000000000000E+01;    0.222044604925031E-15;   -0.111022302462516E-15;    0.707784622037013E+00;    0.706429589499972E+00
PHANTOM;  10;       8; 1;    0.121132486540518E+01;    0.428678556012422E+00;    0.200000000000000E+01;    0.444089209850063E-15;    0.277555756156289E-16;    0.707784622037013E+00;    0.706429589499972E+00
PHANTOM;  10;       8; 2;    0.178867513459481E+01;    0.428678556012422E+00;    0.200000000000000E+01;   -0.555111512312579E-16;    0.277555756156289E-16;    0.707784622037013E+00;    0.706429589499972E+00
PHANTOM;  10;       8; 3;    0.121132486540518E+01;    0.632998377043097E+00;    0.200000000000000E+01;    0.444089209850063E-15;   -0.111022302462516E-15;    0.707784622037013E+00;    0.706429589499972E+00
PHANTOM;  10;       8; 4;    0.178867513459482E+01;    0.632998377043097E+00;    0.200000000000000E+01;   -0.555111512312579E-16;   -0.111022302462516E-15;    0.707784622037013E+00;    0.706429589499972E+00
4/15/2025 9:55:30 AM
End Abaqus/Standard Analysis
Abaqus JOB stena-4U_starman COMPLETED
